CRITICAL - 2020-10-26 07:40:24 --> 22 : The requested URL returned error: 404 Not Found
#0 /home/developer/ADC/ADC-PEL20/vendor/codeigniter4/framework/system/HTTP/CURLRequest.php(821): CodeIgniter\HTTP\Exceptions\HTTPException::forCurlError()
#1 /home/developer/ADC/ADC-PEL20/vendor/codeigniter4/framework/system/HTTP/CURLRequest.php(449): CodeIgniter\HTTP\CURLRequest->sendRequest()
#2 /home/developer/ADC/ADC-PEL20/vendor/codeigniter4/framework/system/HTTP/CURLRequest.php(158): CodeIgniter\HTTP\CURLRequest->send()
#3 /home/developer/ADC/ADC-PEL20/app/Controllers/Orders.php(181): CodeIgniter\HTTP\CURLRequest->request()
#4 /home/developer/ADC/ADC-PEL20/vendor/codeigniter4/framework/system/CodeIgniter.php(918): App\Controllers\Orders->send()
#5 /home/developer/ADC/ADC-PEL20/vendor/codeigniter4/framework/system/CodeIgniter.php(404): CodeIgniter\CodeIgniter->runController()
#6 /home/developer/ADC/ADC-PEL20/vendor/codeigniter4/framework/system/CodeIgniter.php(312): CodeIgniter\CodeIgniter->handleRequest()
#7 /home/developer/ADC/ADC-PEL20/public/index.php(45): CodeIgniter\CodeIgniter->run()
#8 /home/developer/ADC/ADC-PEL20/vendor/codeigniter4/framework/system/Commands/Server/rewrite.php(34): require_once('/home/developer...')
#9 {main}
CRITICAL - 2020-10-26 07:54:28 --> Class 'App\Controllers\UserOfficeModel' not found
#0 /home/developer/ADC/ADC-PEL20/vendor/codeigniter4/framework/system/CodeIgniter.php(918): App\Controllers\Orders->create()
#1 /home/developer/ADC/ADC-PEL20/vendor/codeigniter4/framework/system/CodeIgniter.php(404): CodeIgniter\CodeIgniter->runController()
#2 /home/developer/ADC/ADC-PEL20/vendor/codeigniter4/framework/system/CodeIgniter.php(312): CodeIgniter\CodeIgniter->handleRequest()
#3 /home/developer/ADC/ADC-PEL20/public/index.php(45): CodeIgniter\CodeIgniter->run()
#4 /home/developer/ADC/ADC-PEL20/vendor/codeigniter4/framework/system/Commands/Server/rewrite.php(34): require_once('/home/developer...')
#5 {main}
CRITICAL - 2020-10-26 07:55:57 --> Class 'App\Controllers\UserOfficeModel' not found
#0 /home/developer/ADC/ADC-PEL20/vendor/codeigniter4/framework/system/CodeIgniter.php(918): App\Controllers\Orders->list()
#1 /home/developer/ADC/ADC-PEL20/vendor/codeigniter4/framework/system/CodeIgniter.php(404): CodeIgniter\CodeIgniter->runController()
#2 /home/developer/ADC/ADC-PEL20/vendor/codeigniter4/framework/system/CodeIgniter.php(312): CodeIgniter\CodeIgniter->handleRequest()
#3 /home/developer/ADC/ADC-PEL20/public/index.php(45): CodeIgniter\CodeIgniter->run()
#4 /home/developer/ADC/ADC-PEL20/vendor/codeigniter4/framework/system/Commands/Server/rewrite.php(34): require_once('/home/developer...')
#5 {main}
CRITICAL - 2020-10-26 07:56:11 --> Class 'App\Controllers\UserOfficeModel' not found
#0 /home/developer/ADC/ADC-PEL20/vendor/codeigniter4/framework/system/CodeIgniter.php(918): App\Controllers\Orders->create()
#1 /home/developer/ADC/ADC-PEL20/vendor/codeigniter4/framework/system/CodeIgniter.php(404): CodeIgniter\CodeIgniter->runController()
#2 /home/developer/ADC/ADC-PEL20/vendor/codeigniter4/framework/system/CodeIgniter.php(312): CodeIgniter\CodeIgniter->handleRequest()
#3 /home/developer/ADC/ADC-PEL20/public/index.php(45): CodeIgniter\CodeIgniter->run()
#4 /home/developer/ADC/ADC-PEL20/vendor/codeigniter4/framework/system/Commands/Server/rewrite.php(34): require_once('/home/developer...')
#5 {main}
CRITICAL - 2020-10-26 17:08:26 --> syntax error, unexpected '}'
#0 /home/developer/ADC/ADC-PEL20/vendor/codeigniter4/framework/system/Autoloader/Autoloader.php(296): CodeIgniter\Autoloader\Autoloader->requireFile()
#1 /home/developer/ADC/ADC-PEL20/vendor/codeigniter4/framework/system/Autoloader/Autoloader.php(258): CodeIgniter\Autoloader\Autoloader->loadInNamespace()
#2 [internal function]: CodeIgniter\Autoloader\Autoloader->loadClass()
#3 [internal function]: spl_autoload_call()
#4 /home/developer/ADC/ADC-PEL20/vendor/codeigniter4/framework/system/CodeIgniter.php(869): class_exists()
#5 /home/developer/ADC/ADC-PEL20/vendor/codeigniter4/framework/system/CodeIgniter.php(394): CodeIgniter\CodeIgniter->startController()
#6 /home/developer/ADC/ADC-PEL20/vendor/codeigniter4/framework/system/CodeIgniter.php(312): CodeIgniter\CodeIgniter->handleRequest()
#7 /home/developer/ADC/ADC-PEL20/public/index.php(45): CodeIgniter\CodeIgniter->run()
#8 /home/developer/ADC/ADC-PEL20/vendor/codeigniter4/framework/system/Commands/Server/rewrite.php(34): require_once('/home/developer...')
#9 {main}
CRITICAL - 2020-10-26 17:08:32 --> syntax error, unexpected '}'
#0 /home/developer/ADC/ADC-PEL20/vendor/codeigniter4/framework/system/Autoloader/Autoloader.php(296): CodeIgniter\Autoloader\Autoloader->requireFile()
#1 /home/developer/ADC/ADC-PEL20/vendor/codeigniter4/framework/system/Autoloader/Autoloader.php(258): CodeIgniter\Autoloader\Autoloader->loadInNamespace()
#2 [internal function]: CodeIgniter\Autoloader\Autoloader->loadClass()
#3 [internal function]: spl_autoload_call()
#4 /home/developer/ADC/ADC-PEL20/vendor/codeigniter4/framework/system/CodeIgniter.php(869): class_exists()
#5 /home/developer/ADC/ADC-PEL20/vendor/codeigniter4/framework/system/CodeIgniter.php(394): CodeIgniter\CodeIgniter->startController()
#6 /home/developer/ADC/ADC-PEL20/vendor/codeigniter4/framework/system/CodeIgniter.php(312): CodeIgniter\CodeIgniter->handleRequest()
#7 /home/developer/ADC/ADC-PEL20/public/index.php(45): CodeIgniter\CodeIgniter->run()
#8 /home/developer/ADC/ADC-PEL20/vendor/codeigniter4/framework/system/Commands/Server/rewrite.php(34): require_once('/home/developer...')
#9 {main}
CRITICAL - 2020-10-26 17:09:30 --> syntax error, unexpected '}'
#0 /home/developer/ADC/ADC-PEL20/vendor/codeigniter4/framework/system/Autoloader/Autoloader.php(296): CodeIgniter\Autoloader\Autoloader->requireFile()
#1 /home/developer/ADC/ADC-PEL20/vendor/codeigniter4/framework/system/Autoloader/Autoloader.php(258): CodeIgniter\Autoloader\Autoloader->loadInNamespace()
#2 [internal function]: CodeIgniter\Autoloader\Autoloader->loadClass()
#3 [internal function]: spl_autoload_call()
#4 /home/developer/ADC/ADC-PEL20/vendor/codeigniter4/framework/system/CodeIgniter.php(869): class_exists()
#5 /home/developer/ADC/ADC-PEL20/vendor/codeigniter4/framework/system/CodeIgniter.php(394): CodeIgniter\CodeIgniter->startController()
#6 /home/developer/ADC/ADC-PEL20/vendor/codeigniter4/framework/system/CodeIgniter.php(312): CodeIgniter\CodeIgniter->handleRequest()
#7 /home/developer/ADC/ADC-PEL20/public/index.php(45): CodeIgniter\CodeIgniter->run()
#8 /home/developer/ADC/ADC-PEL20/vendor/codeigniter4/framework/system/Commands/Server/rewrite.php(34): require_once('/home/developer...')
#9 {main}
CRITICAL - 2020-10-26 17:09:32 --> syntax error, unexpected '}'
#0 /home/developer/ADC/ADC-PEL20/vendor/codeigniter4/framework/system/Autoloader/Autoloader.php(296): CodeIgniter\Autoloader\Autoloader->requireFile()
#1 /home/developer/ADC/ADC-PEL20/vendor/codeigniter4/framework/system/Autoloader/Autoloader.php(258): CodeIgniter\Autoloader\Autoloader->loadInNamespace()
#2 [internal function]: CodeIgniter\Autoloader\Autoloader->loadClass()
#3 [internal function]: spl_autoload_call()
#4 /home/developer/ADC/ADC-PEL20/vendor/codeigniter4/framework/system/CodeIgniter.php(869): class_exists()
#5 /home/developer/ADC/ADC-PEL20/vendor/codeigniter4/framework/system/CodeIgniter.php(394): CodeIgniter\CodeIgniter->startController()
#6 /home/developer/ADC/ADC-PEL20/vendor/codeigniter4/framework/system/CodeIgniter.php(312): CodeIgniter\CodeIgniter->handleRequest()
#7 /home/developer/ADC/ADC-PEL20/public/index.php(45): CodeIgniter\CodeIgniter->run()
#8 /home/developer/ADC/ADC-PEL20/vendor/codeigniter4/framework/system/Commands/Server/rewrite.php(34): require_once('/home/developer...')
#9 {main}
CRITICAL - 2020-10-26 17:10:29 --> syntax error, unexpected '}'
#0 /home/developer/ADC/ADC-PEL20/vendor/codeigniter4/framework/system/Autoloader/Autoloader.php(296): CodeIgniter\Autoloader\Autoloader->requireFile()
#1 /home/developer/ADC/ADC-PEL20/vendor/codeigniter4/framework/system/Autoloader/Autoloader.php(258): CodeIgniter\Autoloader\Autoloader->loadInNamespace()
#2 [internal function]: CodeIgniter\Autoloader\Autoloader->loadClass()
#3 [internal function]: spl_autoload_call()
#4 /home/developer/ADC/ADC-PEL20/vendor/codeigniter4/framework/system/CodeIgniter.php(869): class_exists()
#5 /home/developer/ADC/ADC-PEL20/vendor/codeigniter4/framework/system/CodeIgniter.php(394): CodeIgniter\CodeIgniter->startController()
#6 /home/developer/ADC/ADC-PEL20/vendor/codeigniter4/framework/system/CodeIgniter.php(312): CodeIgniter\CodeIgniter->handleRequest()
#7 /home/developer/ADC/ADC-PEL20/public/index.php(45): CodeIgniter\CodeIgniter->run()
#8 /home/developer/ADC/ADC-PEL20/vendor/codeigniter4/framework/system/Commands/Server/rewrite.php(34): require_once('/home/developer...')
#9 {main}
CRITICAL - 2020-10-26 17:10:59 --> syntax error, unexpected '}'
#0 /home/developer/ADC/ADC-PEL20/vendor/codeigniter4/framework/system/Autoloader/Autoloader.php(296): CodeIgniter\Autoloader\Autoloader->requireFile()
#1 /home/developer/ADC/ADC-PEL20/vendor/codeigniter4/framework/system/Autoloader/Autoloader.php(258): CodeIgniter\Autoloader\Autoloader->loadInNamespace()
#2 [internal function]: CodeIgniter\Autoloader\Autoloader->loadClass()
#3 [internal function]: spl_autoload_call()
#4 /home/developer/ADC/ADC-PEL20/vendor/codeigniter4/framework/system/CodeIgniter.php(869): class_exists()
#5 /home/developer/ADC/ADC-PEL20/vendor/codeigniter4/framework/system/CodeIgniter.php(394): CodeIgniter\CodeIgniter->startController()
#6 /home/developer/ADC/ADC-PEL20/vendor/codeigniter4/framework/system/CodeIgniter.php(312): CodeIgniter\CodeIgniter->handleRequest()
#7 /home/developer/ADC/ADC-PEL20/public/index.php(45): CodeIgniter\CodeIgniter->run()
#8 /home/developer/ADC/ADC-PEL20/vendor/codeigniter4/framework/system/Commands/Server/rewrite.php(34): require_once('/home/developer...')
#9 {main}
CRITICAL - 2020-10-26 17:11:01 --> syntax error, unexpected '}'
#0 /home/developer/ADC/ADC-PEL20/vendor/codeigniter4/framework/system/Autoloader/Autoloader.php(296): CodeIgniter\Autoloader\Autoloader->requireFile()
#1 /home/developer/ADC/ADC-PEL20/vendor/codeigniter4/framework/system/Autoloader/Autoloader.php(258): CodeIgniter\Autoloader\Autoloader->loadInNamespace()
#2 [internal function]: CodeIgniter\Autoloader\Autoloader->loadClass()
#3 [internal function]: spl_autoload_call()
#4 /home/developer/ADC/ADC-PEL20/vendor/codeigniter4/framework/system/CodeIgniter.php(869): class_exists()
#5 /home/developer/ADC/ADC-PEL20/vendor/codeigniter4/framework/system/CodeIgniter.php(394): CodeIgniter\CodeIgniter->startController()
#6 /home/developer/ADC/ADC-PEL20/vendor/codeigniter4/framework/system/CodeIgniter.php(312): CodeIgniter\CodeIgniter->handleRequest()
#7 /home/developer/ADC/ADC-PEL20/public/index.php(45): CodeIgniter\CodeIgniter->run()
#8 /home/developer/ADC/ADC-PEL20/vendor/codeigniter4/framework/system/Commands/Server/rewrite.php(34): require_once('/home/developer...')
#9 {main}
CRITICAL - 2020-10-26 17:11:04 --> syntax error, unexpected '}'
#0 /home/developer/ADC/ADC-PEL20/vendor/codeigniter4/framework/system/Autoloader/Autoloader.php(296): CodeIgniter\Autoloader\Autoloader->requireFile()
#1 /home/developer/ADC/ADC-PEL20/vendor/codeigniter4/framework/system/Autoloader/Autoloader.php(258): CodeIgniter\Autoloader\Autoloader->loadInNamespace()
#2 [internal function]: CodeIgniter\Autoloader\Autoloader->loadClass()
#3 [internal function]: spl_autoload_call()
#4 /home/developer/ADC/ADC-PEL20/vendor/codeigniter4/framework/system/CodeIgniter.php(869): class_exists()
#5 /home/developer/ADC/ADC-PEL20/vendor/codeigniter4/framework/system/CodeIgniter.php(394): CodeIgniter\CodeIgniter->startController()
#6 /home/developer/ADC/ADC-PEL20/vendor/codeigniter4/framework/system/CodeIgniter.php(312): CodeIgniter\CodeIgniter->handleRequest()
#7 /home/developer/ADC/ADC-PEL20/public/index.php(45): CodeIgniter\CodeIgniter->run()
#8 /home/developer/ADC/ADC-PEL20/vendor/codeigniter4/framework/system/Commands/Server/rewrite.php(34): require_once('/home/developer...')
#9 {main}
CRITICAL - 2020-10-26 17:11:22 --> syntax error, unexpected '}'
#0 /home/developer/ADC/ADC-PEL20/vendor/codeigniter4/framework/system/Autoloader/Autoloader.php(296): CodeIgniter\Autoloader\Autoloader->requireFile()
#1 /home/developer/ADC/ADC-PEL20/vendor/codeigniter4/framework/system/Autoloader/Autoloader.php(258): CodeIgniter\Autoloader\Autoloader->loadInNamespace()
#2 [internal function]: CodeIgniter\Autoloader\Autoloader->loadClass()
#3 [internal function]: spl_autoload_call()
#4 /home/developer/ADC/ADC-PEL20/vendor/codeigniter4/framework/system/CodeIgniter.php(869): class_exists()
#5 /home/developer/ADC/ADC-PEL20/vendor/codeigniter4/framework/system/CodeIgniter.php(394): CodeIgniter\CodeIgniter->startController()
#6 /home/developer/ADC/ADC-PEL20/vendor/codeigniter4/framework/system/CodeIgniter.php(312): CodeIgniter\CodeIgniter->handleRequest()
#7 /home/developer/ADC/ADC-PEL20/public/index.php(45): CodeIgniter\CodeIgniter->run()
#8 /home/developer/ADC/ADC-PEL20/vendor/codeigniter4/framework/system/Commands/Server/rewrite.php(34): require_once('/home/developer...')
#9 {main}
CRITICAL - 2020-10-26 17:12:17 --> 22 : The requested URL returned error: 400 Bad Request
#0 /home/developer/ADC/ADC-PEL20/vendor/codeigniter4/framework/system/HTTP/CURLRequest.php(821): CodeIgniter\HTTP\Exceptions\HTTPException::forCurlError()
#1 /home/developer/ADC/ADC-PEL20/vendor/codeigniter4/framework/system/HTTP/CURLRequest.php(449): CodeIgniter\HTTP\CURLRequest->sendRequest()
#2 /home/developer/ADC/ADC-PEL20/vendor/codeigniter4/framework/system/HTTP/CURLRequest.php(158): CodeIgniter\HTTP\CURLRequest->send()
#3 /home/developer/ADC/ADC-PEL20/vendor/codeigniter4/framework/system/HTTP/CURLRequest.php(175): CodeIgniter\HTTP\CURLRequest->request()
#4 /home/developer/ADC/ADC-PEL20/app/Controllers/Orders.php(93): CodeIgniter\HTTP\CURLRequest->get()
#5 /home/developer/ADC/ADC-PEL20/vendor/codeigniter4/framework/system/CodeIgniter.php(918): App\Controllers\Orders->search()
#6 /home/developer/ADC/ADC-PEL20/vendor/codeigniter4/framework/system/CodeIgniter.php(404): CodeIgniter\CodeIgniter->runController()
#7 /home/developer/ADC/ADC-PEL20/vendor/codeigniter4/framework/system/CodeIgniter.php(312): CodeIgniter\CodeIgniter->handleRequest()
#8 /home/developer/ADC/ADC-PEL20/public/index.php(45): CodeIgniter\CodeIgniter->run()
#9 /home/developer/ADC/ADC-PEL20/vendor/codeigniter4/framework/system/Commands/Server/rewrite.php(34): require_once('/home/developer...')
#10 {main}
CRITICAL - 2020-10-26 17:12:45 --> 22 : The requested URL returned error: 400 Bad Request
#0 /home/developer/ADC/ADC-PEL20/vendor/codeigniter4/framework/system/HTTP/CURLRequest.php(821): CodeIgniter\HTTP\Exceptions\HTTPException::forCurlError()
#1 /home/developer/ADC/ADC-PEL20/vendor/codeigniter4/framework/system/HTTP/CURLRequest.php(449): CodeIgniter\HTTP\CURLRequest->sendRequest()
#2 /home/developer/ADC/ADC-PEL20/vendor/codeigniter4/framework/system/HTTP/CURLRequest.php(158): CodeIgniter\HTTP\CURLRequest->send()
#3 /home/developer/ADC/ADC-PEL20/vendor/codeigniter4/framework/system/HTTP/CURLRequest.php(175): CodeIgniter\HTTP\CURLRequest->request()
#4 /home/developer/ADC/ADC-PEL20/app/Controllers/Orders.php(93): CodeIgniter\HTTP\CURLRequest->get()
#5 /home/developer/ADC/ADC-PEL20/vendor/codeigniter4/framework/system/CodeIgniter.php(918): App\Controllers\Orders->search()
#6 /home/developer/ADC/ADC-PEL20/vendor/codeigniter4/framework/system/CodeIgniter.php(404): CodeIgniter\CodeIgniter->runController()
#7 /home/developer/ADC/ADC-PEL20/vendor/codeigniter4/framework/system/CodeIgniter.php(312): CodeIgniter\CodeIgniter->handleRequest()
#8 /home/developer/ADC/ADC-PEL20/public/index.php(45): CodeIgniter\CodeIgniter->run()
#9 /home/developer/ADC/ADC-PEL20/vendor/codeigniter4/framework/system/Commands/Server/rewrite.php(34): require_once('/home/developer...')
#10 {main}
CRITICAL - 2020-10-26 17:13:38 --> Trying to get property 'code' of non-object
#0 /home/developer/ADC/ADC-PEL20/app/Controllers/Orders.php(86): CodeIgniter\Debug\Exceptions->errorHandler()
#1 /home/developer/ADC/ADC-PEL20/vendor/codeigniter4/framework/system/CodeIgniter.php(918): App\Controllers\Orders->search()
#2 /home/developer/ADC/ADC-PEL20/vendor/codeigniter4/framework/system/CodeIgniter.php(404): CodeIgniter\CodeIgniter->runController()
#3 /home/developer/ADC/ADC-PEL20/vendor/codeigniter4/framework/system/CodeIgniter.php(312): CodeIgniter\CodeIgniter->handleRequest()
#4 /home/developer/ADC/ADC-PEL20/public/index.php(45): CodeIgniter\CodeIgniter->run()
#5 /home/developer/ADC/ADC-PEL20/vendor/codeigniter4/framework/system/Commands/Server/rewrite.php(34): require_once('/home/developer...')
#6 {main}
CRITICAL - 2020-10-26 17:15:03 --> Trying to get property 'code' of non-object
#0 /home/developer/ADC/ADC-PEL20/app/Controllers/Orders.php(86): CodeIgniter\Debug\Exceptions->errorHandler()
#1 /home/developer/ADC/ADC-PEL20/vendor/codeigniter4/framework/system/CodeIgniter.php(918): App\Controllers\Orders->search()
#2 /home/developer/ADC/ADC-PEL20/vendor/codeigniter4/framework/system/CodeIgniter.php(404): CodeIgniter\CodeIgniter->runController()
#3 /home/developer/ADC/ADC-PEL20/vendor/codeigniter4/framework/system/CodeIgniter.php(312): CodeIgniter\CodeIgniter->handleRequest()
#4 /home/developer/ADC/ADC-PEL20/public/index.php(45): CodeIgniter\CodeIgniter->run()
#5 /home/developer/ADC/ADC-PEL20/vendor/codeigniter4/framework/system/Commands/Server/rewrite.php(34): require_once('/home/developer...')
#6 {main}
CRITICAL - 2020-10-26 17:15:05 --> Trying to get property 'code' of non-object
#0 /home/developer/ADC/ADC-PEL20/app/Controllers/Orders.php(86): CodeIgniter\Debug\Exceptions->errorHandler()
#1 /home/developer/ADC/ADC-PEL20/vendor/codeigniter4/framework/system/CodeIgniter.php(918): App\Controllers\Orders->search()
#2 /home/developer/ADC/ADC-PEL20/vendor/codeigniter4/framework/system/CodeIgniter.php(404): CodeIgniter\CodeIgniter->runController()
#3 /home/developer/ADC/ADC-PEL20/vendor/codeigniter4/framework/system/CodeIgniter.php(312): CodeIgniter\CodeIgniter->handleRequest()
#4 /home/developer/ADC/ADC-PEL20/public/index.php(45): CodeIgniter\CodeIgniter->run()
#5 /home/developer/ADC/ADC-PEL20/vendor/codeigniter4/framework/system/Commands/Server/rewrite.php(34): require_once('/home/developer...')
#6 {main}
CRITICAL - 2020-10-26 17:16:27 --> 22 : The requested URL returned error: 400 Bad Request
#0 /home/developer/ADC/ADC-PEL20/vendor/codeigniter4/framework/system/HTTP/CURLRequest.php(821): CodeIgniter\HTTP\Exceptions\HTTPException::forCurlError()
#1 /home/developer/ADC/ADC-PEL20/vendor/codeigniter4/framework/system/HTTP/CURLRequest.php(449): CodeIgniter\HTTP\CURLRequest->sendRequest()
#2 /home/developer/ADC/ADC-PEL20/vendor/codeigniter4/framework/system/HTTP/CURLRequest.php(158): CodeIgniter\HTTP\CURLRequest->send()
#3 /home/developer/ADC/ADC-PEL20/vendor/codeigniter4/framework/system/HTTP/CURLRequest.php(175): CodeIgniter\HTTP\CURLRequest->request()
#4 /home/developer/ADC/ADC-PEL20/app/Controllers/Orders.php(93): CodeIgniter\HTTP\CURLRequest->get()
#5 /home/developer/ADC/ADC-PEL20/vendor/codeigniter4/framework/system/CodeIgniter.php(918): App\Controllers\Orders->search()
#6 /home/developer/ADC/ADC-PEL20/vendor/codeigniter4/framework/system/CodeIgniter.php(404): CodeIgniter\CodeIgniter->runController()
#7 /home/developer/ADC/ADC-PEL20/vendor/codeigniter4/framework/system/CodeIgniter.php(312): CodeIgniter\CodeIgniter->handleRequest()
#8 /home/developer/ADC/ADC-PEL20/public/index.php(45): CodeIgniter\CodeIgniter->run()
#9 /home/developer/ADC/ADC-PEL20/vendor/codeigniter4/framework/system/Commands/Server/rewrite.php(34): require_once('/home/developer...')
#10 {main}
CRITICAL - 2020-10-26 17:17:05 --> 22 : The requested URL returned error: 400 Bad Request
#0 /home/developer/ADC/ADC-PEL20/vendor/codeigniter4/framework/system/HTTP/CURLRequest.php(821): CodeIgniter\HTTP\Exceptions\HTTPException::forCurlError()
#1 /home/developer/ADC/ADC-PEL20/vendor/codeigniter4/framework/system/HTTP/CURLRequest.php(449): CodeIgniter\HTTP\CURLRequest->sendRequest()
#2 /home/developer/ADC/ADC-PEL20/vendor/codeigniter4/framework/system/HTTP/CURLRequest.php(158): CodeIgniter\HTTP\CURLRequest->send()
#3 /home/developer/ADC/ADC-PEL20/vendor/codeigniter4/framework/system/HTTP/CURLRequest.php(175): CodeIgniter\HTTP\CURLRequest->request()
#4 /home/developer/ADC/ADC-PEL20/app/Controllers/Orders.php(93): CodeIgniter\HTTP\CURLRequest->get()
#5 /home/developer/ADC/ADC-PEL20/vendor/codeigniter4/framework/system/CodeIgniter.php(918): App\Controllers\Orders->search()
#6 /home/developer/ADC/ADC-PEL20/vendor/codeigniter4/framework/system/CodeIgniter.php(404): CodeIgniter\CodeIgniter->runController()
#7 /home/developer/ADC/ADC-PEL20/vendor/codeigniter4/framework/system/CodeIgniter.php(312): CodeIgniter\CodeIgniter->handleRequest()
#8 /home/developer/ADC/ADC-PEL20/public/index.php(45): CodeIgniter\CodeIgniter->run()
#9 /home/developer/ADC/ADC-PEL20/vendor/codeigniter4/framework/system/Commands/Server/rewrite.php(34): require_once('/home/developer...')
#10 {main}
CRITICAL - 2020-10-26 17:17:09 --> 22 : The requested URL returned error: 400 Bad Request
#0 /home/developer/ADC/ADC-PEL20/vendor/codeigniter4/framework/system/HTTP/CURLRequest.php(821): CodeIgniter\HTTP\Exceptions\HTTPException::forCurlError()
#1 /home/developer/ADC/ADC-PEL20/vendor/codeigniter4/framework/system/HTTP/CURLRequest.php(449): CodeIgniter\HTTP\CURLRequest->sendRequest()
#2 /home/developer/ADC/ADC-PEL20/vendor/codeigniter4/framework/system/HTTP/CURLRequest.php(158): CodeIgniter\HTTP\CURLRequest->send()
#3 /home/developer/ADC/ADC-PEL20/vendor/codeigniter4/framework/system/HTTP/CURLRequest.php(175): CodeIgniter\HTTP\CURLRequest->request()
#4 /home/developer/ADC/ADC-PEL20/app/Controllers/Orders.php(93): CodeIgniter\HTTP\CURLRequest->get()
#5 /home/developer/ADC/ADC-PEL20/vendor/codeigniter4/framework/system/CodeIgniter.php(918): App\Controllers\Orders->search()
#6 /home/developer/ADC/ADC-PEL20/vendor/codeigniter4/framework/system/CodeIgniter.php(404): CodeIgniter\CodeIgniter->runController()
#7 /home/developer/ADC/ADC-PEL20/vendor/codeigniter4/framework/system/CodeIgniter.php(312): CodeIgniter\CodeIgniter->handleRequest()
#8 /home/developer/ADC/ADC-PEL20/public/index.php(45): CodeIgniter\CodeIgniter->run()
#9 /home/developer/ADC/ADC-PEL20/vendor/codeigniter4/framework/system/Commands/Server/rewrite.php(34): require_once('/home/developer...')
#10 {main}
CRITICAL - 2020-10-26 17:17:34 --> 22 : The requested URL returned error: 400 Bad Request
#0 /home/developer/ADC/ADC-PEL20/vendor/codeigniter4/framework/system/HTTP/CURLRequest.php(821): CodeIgniter\HTTP\Exceptions\HTTPException::forCurlError()
#1 /home/developer/ADC/ADC-PEL20/vendor/codeigniter4/framework/system/HTTP/CURLRequest.php(449): CodeIgniter\HTTP\CURLRequest->sendRequest()
#2 /home/developer/ADC/ADC-PEL20/vendor/codeigniter4/framework/system/HTTP/CURLRequest.php(158): CodeIgniter\HTTP\CURLRequest->send()
#3 /home/developer/ADC/ADC-PEL20/vendor/codeigniter4/framework/system/HTTP/CURLRequest.php(175): CodeIgniter\HTTP\CURLRequest->request()
#4 /home/developer/ADC/ADC-PEL20/app/Controllers/Orders.php(93): CodeIgniter\HTTP\CURLRequest->get()
#5 /home/developer/ADC/ADC-PEL20/vendor/codeigniter4/framework/system/CodeIgniter.php(918): App\Controllers\Orders->search()
#6 /home/developer/ADC/ADC-PEL20/vendor/codeigniter4/framework/system/CodeIgniter.php(404): CodeIgniter\CodeIgniter->runController()
#7 /home/developer/ADC/ADC-PEL20/vendor/codeigniter4/framework/system/CodeIgniter.php(312): CodeIgniter\CodeIgniter->handleRequest()
#8 /home/developer/ADC/ADC-PEL20/public/index.php(45): CodeIgniter\CodeIgniter->run()
#9 /home/developer/ADC/ADC-PEL20/vendor/codeigniter4/framework/system/Commands/Server/rewrite.php(34): require_once('/home/developer...')
#10 {main}
CRITICAL - 2020-10-26 17:18:02 --> 22 : The requested URL returned error: 400 Bad Request
#0 /home/developer/ADC/ADC-PEL20/vendor/codeigniter4/framework/system/HTTP/CURLRequest.php(821): CodeIgniter\HTTP\Exceptions\HTTPException::forCurlError()
#1 /home/developer/ADC/ADC-PEL20/vendor/codeigniter4/framework/system/HTTP/CURLRequest.php(449): CodeIgniter\HTTP\CURLRequest->sendRequest()
#2 /home/developer/ADC/ADC-PEL20/vendor/codeigniter4/framework/system/HTTP/CURLRequest.php(158): CodeIgniter\HTTP\CURLRequest->send()
#3 /home/developer/ADC/ADC-PEL20/vendor/codeigniter4/framework/system/HTTP/CURLRequest.php(175): CodeIgniter\HTTP\CURLRequest->request()
#4 /home/developer/ADC/ADC-PEL20/app/Controllers/Orders.php(89): CodeIgniter\HTTP\CURLRequest->get()
#5 /home/developer/ADC/ADC-PEL20/vendor/codeigniter4/framework/system/CodeIgniter.php(918): App\Controllers\Orders->search()
#6 /home/developer/ADC/ADC-PEL20/vendor/codeigniter4/framework/system/CodeIgniter.php(404): CodeIgniter\CodeIgniter->runController()
#7 /home/developer/ADC/ADC-PEL20/vendor/codeigniter4/framework/system/CodeIgniter.php(312): CodeIgniter\CodeIgniter->handleRequest()
#8 /home/developer/ADC/ADC-PEL20/public/index.php(45): CodeIgniter\CodeIgniter->run()
#9 /home/developer/ADC/ADC-PEL20/vendor/codeigniter4/framework/system/Commands/Server/rewrite.php(34): require_once('/home/developer...')
#10 {main}
CRITICAL - 2020-10-26 17:18:04 --> 22 : The requested URL returned error: 400 Bad Request
#0 /home/developer/ADC/ADC-PEL20/vendor/codeigniter4/framework/system/HTTP/CURLRequest.php(821): CodeIgniter\HTTP\Exceptions\HTTPException::forCurlError()
#1 /home/developer/ADC/ADC-PEL20/vendor/codeigniter4/framework/system/HTTP/CURLRequest.php(449): CodeIgniter\HTTP\CURLRequest->sendRequest()
#2 /home/developer/ADC/ADC-PEL20/vendor/codeigniter4/framework/system/HTTP/CURLRequest.php(158): CodeIgniter\HTTP\CURLRequest->send()
#3 /home/developer/ADC/ADC-PEL20/vendor/codeigniter4/framework/system/HTTP/CURLRequest.php(175): CodeIgniter\HTTP\CURLRequest->request()
#4 /home/developer/ADC/ADC-PEL20/app/Controllers/Orders.php(89): CodeIgniter\HTTP\CURLRequest->get()
#5 /home/developer/ADC/ADC-PEL20/vendor/codeigniter4/framework/system/CodeIgniter.php(918): App\Controllers\Orders->search()
#6 /home/developer/ADC/ADC-PEL20/vendor/codeigniter4/framework/system/CodeIgniter.php(404): CodeIgniter\CodeIgniter->runController()
#7 /home/developer/ADC/ADC-PEL20/vendor/codeigniter4/framework/system/CodeIgniter.php(312): CodeIgniter\CodeIgniter->handleRequest()
#8 /home/developer/ADC/ADC-PEL20/public/index.php(45): CodeIgniter\CodeIgniter->run()
#9 /home/developer/ADC/ADC-PEL20/vendor/codeigniter4/framework/system/Commands/Server/rewrite.php(34): require_once('/home/developer...')
#10 {main}
CRITICAL - 2020-10-26 17:18:06 --> 22 : The requested URL returned error: 400 Bad Request
#0 /home/developer/ADC/ADC-PEL20/vendor/codeigniter4/framework/system/HTTP/CURLRequest.php(821): CodeIgniter\HTTP\Exceptions\HTTPException::forCurlError()
#1 /home/developer/ADC/ADC-PEL20/vendor/codeigniter4/framework/system/HTTP/CURLRequest.php(449): CodeIgniter\HTTP\CURLRequest->sendRequest()
#2 /home/developer/ADC/ADC-PEL20/vendor/codeigniter4/framework/system/HTTP/CURLRequest.php(158): CodeIgniter\HTTP\CURLRequest->send()
#3 /home/developer/ADC/ADC-PEL20/vendor/codeigniter4/framework/system/HTTP/CURLRequest.php(175): CodeIgniter\HTTP\CURLRequest->request()
#4 /home/developer/ADC/ADC-PEL20/app/Controllers/Orders.php(89): CodeIgniter\HTTP\CURLRequest->get()
#5 /home/developer/ADC/ADC-PEL20/vendor/codeigniter4/framework/system/CodeIgniter.php(918): App\Controllers\Orders->search()
#6 /home/developer/ADC/ADC-PEL20/vendor/codeigniter4/framework/system/CodeIgniter.php(404): CodeIgniter\CodeIgniter->runController()
#7 /home/developer/ADC/ADC-PEL20/vendor/codeigniter4/framework/system/CodeIgniter.php(312): CodeIgniter\CodeIgniter->handleRequest()
#8 /home/developer/ADC/ADC-PEL20/public/index.php(45): CodeIgniter\CodeIgniter->run()
#9 /home/developer/ADC/ADC-PEL20/vendor/codeigniter4/framework/system/Commands/Server/rewrite.php(34): require_once('/home/developer...')
#10 {main}
CRITICAL - 2020-10-26 17:18:09 --> 22 : The requested URL returned error: 400 Bad Request
#0 /home/developer/ADC/ADC-PEL20/vendor/codeigniter4/framework/system/HTTP/CURLRequest.php(821): CodeIgniter\HTTP\Exceptions\HTTPException::forCurlError()
#1 /home/developer/ADC/ADC-PEL20/vendor/codeigniter4/framework/system/HTTP/CURLRequest.php(449): CodeIgniter\HTTP\CURLRequest->sendRequest()
#2 /home/developer/ADC/ADC-PEL20/vendor/codeigniter4/framework/system/HTTP/CURLRequest.php(158): CodeIgniter\HTTP\CURLRequest->send()
#3 /home/developer/ADC/ADC-PEL20/vendor/codeigniter4/framework/system/HTTP/CURLRequest.php(175): CodeIgniter\HTTP\CURLRequest->request()
#4 /home/developer/ADC/ADC-PEL20/app/Controllers/Orders.php(89): CodeIgniter\HTTP\CURLRequest->get()
#5 /home/developer/ADC/ADC-PEL20/vendor/codeigniter4/framework/system/CodeIgniter.php(918): App\Controllers\Orders->search()
#6 /home/developer/ADC/ADC-PEL20/vendor/codeigniter4/framework/system/CodeIgniter.php(404): CodeIgniter\CodeIgniter->runController()
#7 /home/developer/ADC/ADC-PEL20/vendor/codeigniter4/framework/system/CodeIgniter.php(312): CodeIgniter\CodeIgniter->handleRequest()
#8 /home/developer/ADC/ADC-PEL20/public/index.php(45): CodeIgniter\CodeIgniter->run()
#9 /home/developer/ADC/ADC-PEL20/vendor/codeigniter4/framework/system/Commands/Server/rewrite.php(34): require_once('/home/developer...')
#10 {main}
CRITICAL - 2020-10-26 17:18:12 --> 22 : The requested URL returned error: 400 Bad Request
#0 /home/developer/ADC/ADC-PEL20/vendor/codeigniter4/framework/system/HTTP/CURLRequest.php(821): CodeIgniter\HTTP\Exceptions\HTTPException::forCurlError()
#1 /home/developer/ADC/ADC-PEL20/vendor/codeigniter4/framework/system/HTTP/CURLRequest.php(449): CodeIgniter\HTTP\CURLRequest->sendRequest()
#2 /home/developer/ADC/ADC-PEL20/vendor/codeigniter4/framework/system/HTTP/CURLRequest.php(158): CodeIgniter\HTTP\CURLRequest->send()
#3 /home/developer/ADC/ADC-PEL20/vendor/codeigniter4/framework/system/HTTP/CURLRequest.php(175): CodeIgniter\HTTP\CURLRequest->request()
#4 /home/developer/ADC/ADC-PEL20/app/Controllers/Orders.php(89): CodeIgniter\HTTP\CURLRequest->get()
#5 /home/developer/ADC/ADC-PEL20/vendor/codeigniter4/framework/system/CodeIgniter.php(918): App\Controllers\Orders->search()
#6 /home/developer/ADC/ADC-PEL20/vendor/codeigniter4/framework/system/CodeIgniter.php(404): CodeIgniter\CodeIgniter->runController()
#7 /home/developer/ADC/ADC-PEL20/vendor/codeigniter4/framework/system/CodeIgniter.php(312): CodeIgniter\CodeIgniter->handleRequest()
#8 /home/developer/ADC/ADC-PEL20/public/index.php(45): CodeIgniter\CodeIgniter->run()
#9 /home/developer/ADC/ADC-PEL20/vendor/codeigniter4/framework/system/Commands/Server/rewrite.php(34): require_once('/home/developer...')
#10 {main}
CRITICAL - 2020-10-26 17:18:25 --> 22 : The requested URL returned error: 400 Bad Request
#0 /home/developer/ADC/ADC-PEL20/vendor/codeigniter4/framework/system/HTTP/CURLRequest.php(821): CodeIgniter\HTTP\Exceptions\HTTPException::forCurlError()
#1 /home/developer/ADC/ADC-PEL20/vendor/codeigniter4/framework/system/HTTP/CURLRequest.php(449): CodeIgniter\HTTP\CURLRequest->sendRequest()
#2 /home/developer/ADC/ADC-PEL20/vendor/codeigniter4/framework/system/HTTP/CURLRequest.php(158): CodeIgniter\HTTP\CURLRequest->send()
#3 /home/developer/ADC/ADC-PEL20/vendor/codeigniter4/framework/system/HTTP/CURLRequest.php(175): CodeIgniter\HTTP\CURLRequest->request()
#4 /home/developer/ADC/ADC-PEL20/app/Controllers/Orders.php(89): CodeIgniter\HTTP\CURLRequest->get()
#5 /home/developer/ADC/ADC-PEL20/vendor/codeigniter4/framework/system/CodeIgniter.php(918): App\Controllers\Orders->search()
#6 /home/developer/ADC/ADC-PEL20/vendor/codeigniter4/framework/system/CodeIgniter.php(404): CodeIgniter\CodeIgniter->runController()
#7 /home/developer/ADC/ADC-PEL20/vendor/codeigniter4/framework/system/CodeIgniter.php(312): CodeIgniter\CodeIgniter->handleRequest()
#8 /home/developer/ADC/ADC-PEL20/public/index.php(45): CodeIgniter\CodeIgniter->run()
#9 /home/developer/ADC/ADC-PEL20/vendor/codeigniter4/framework/system/Commands/Server/rewrite.php(34): require_once('/home/developer...')
#10 {main}
CRITICAL - 2020-10-26 17:19:59 --> 22 : The requested URL returned error: 400 Bad Request
#0 /home/developer/ADC/ADC-PEL20/vendor/codeigniter4/framework/system/HTTP/CURLRequest.php(821): CodeIgniter\HTTP\Exceptions\HTTPException::forCurlError()
#1 /home/developer/ADC/ADC-PEL20/vendor/codeigniter4/framework/system/HTTP/CURLRequest.php(449): CodeIgniter\HTTP\CURLRequest->sendRequest()
#2 /home/developer/ADC/ADC-PEL20/vendor/codeigniter4/framework/system/HTTP/CURLRequest.php(158): CodeIgniter\HTTP\CURLRequest->send()
#3 /home/developer/ADC/ADC-PEL20/vendor/codeigniter4/framework/system/HTTP/CURLRequest.php(175): CodeIgniter\HTTP\CURLRequest->request()
#4 /home/developer/ADC/ADC-PEL20/app/Controllers/Orders.php(89): CodeIgniter\HTTP\CURLRequest->get()
#5 /home/developer/ADC/ADC-PEL20/vendor/codeigniter4/framework/system/CodeIgniter.php(918): App\Controllers\Orders->search()
#6 /home/developer/ADC/ADC-PEL20/vendor/codeigniter4/framework/system/CodeIgniter.php(404): CodeIgniter\CodeIgniter->runController()
#7 /home/developer/ADC/ADC-PEL20/vendor/codeigniter4/framework/system/CodeIgniter.php(312): CodeIgniter\CodeIgniter->handleRequest()
#8 /home/developer/ADC/ADC-PEL20/public/index.php(45): CodeIgniter\CodeIgniter->run()
#9 /home/developer/ADC/ADC-PEL20/vendor/codeigniter4/framework/system/Commands/Server/rewrite.php(34): require_once('/home/developer...')
#10 {main}
CRITICAL - 2020-10-26 17:32:38 --> 22 : The requested URL returned error: 400 Bad Request
#0 /home/developer/ADC/ADC-PEL20/vendor/codeigniter4/framework/system/HTTP/CURLRequest.php(821): CodeIgniter\HTTP\Exceptions\HTTPException::forCurlError()
#1 /home/developer/ADC/ADC-PEL20/vendor/codeigniter4/framework/system/HTTP/CURLRequest.php(449): CodeIgniter\HTTP\CURLRequest->sendRequest()
#2 /home/developer/ADC/ADC-PEL20/vendor/codeigniter4/framework/system/HTTP/CURLRequest.php(158): CodeIgniter\HTTP\CURLRequest->send()
#3 /home/developer/ADC/ADC-PEL20/vendor/codeigniter4/framework/system/HTTP/CURLRequest.php(175): CodeIgniter\HTTP\CURLRequest->request()
#4 /home/developer/ADC/ADC-PEL20/app/Controllers/Orders.php(89): CodeIgniter\HTTP\CURLRequest->get()
#5 /home/developer/ADC/ADC-PEL20/vendor/codeigniter4/framework/system/CodeIgniter.php(918): App\Controllers\Orders->search()
#6 /home/developer/ADC/ADC-PEL20/vendor/codeigniter4/framework/system/CodeIgniter.php(404): CodeIgniter\CodeIgniter->runController()
#7 /home/developer/ADC/ADC-PEL20/vendor/codeigniter4/framework/system/CodeIgniter.php(312): CodeIgniter\CodeIgniter->handleRequest()
#8 /home/developer/ADC/ADC-PEL20/public/index.php(45): CodeIgniter\CodeIgniter->run()
#9 /home/developer/ADC/ADC-PEL20/vendor/codeigniter4/framework/system/Commands/Server/rewrite.php(34): require_once('/home/developer...')
#10 {main}
CRITICAL - 2020-10-26 17:38:42 --> 22 : The requested URL returned error: 400 Bad Request
#0 /home/developer/ADC/ADC-PEL20/vendor/codeigniter4/framework/system/HTTP/CURLRequest.php(821): CodeIgniter\HTTP\Exceptions\HTTPException::forCurlError()
#1 /home/developer/ADC/ADC-PEL20/vendor/codeigniter4/framework/system/HTTP/CURLRequest.php(449): CodeIgniter\HTTP\CURLRequest->sendRequest()
#2 /home/developer/ADC/ADC-PEL20/vendor/codeigniter4/framework/system/HTTP/CURLRequest.php(158): CodeIgniter\HTTP\CURLRequest->send()
#3 /home/developer/ADC/ADC-PEL20/vendor/codeigniter4/framework/system/HTTP/CURLRequest.php(175): CodeIgniter\HTTP\CURLRequest->request()
#4 /home/developer/ADC/ADC-PEL20/app/Controllers/Orders.php(89): CodeIgniter\HTTP\CURLRequest->get()
#5 /home/developer/ADC/ADC-PEL20/vendor/codeigniter4/framework/system/CodeIgniter.php(918): App\Controllers\Orders->search()
#6 /home/developer/ADC/ADC-PEL20/vendor/codeigniter4/framework/system/CodeIgniter.php(404): CodeIgniter\CodeIgniter->runController()
#7 /home/developer/ADC/ADC-PEL20/vendor/codeigniter4/framework/system/CodeIgniter.php(312): CodeIgniter\CodeIgniter->handleRequest()
#8 /home/developer/ADC/ADC-PEL20/public/index.php(45): CodeIgniter\CodeIgniter->run()
#9 /home/developer/ADC/ADC-PEL20/vendor/codeigniter4/framework/system/Commands/Server/rewrite.php(34): require_once('/home/developer...')
#10 {main}
CRITICAL - 2020-10-26 17:39:00 --> 22 : The requested URL returned error: 400 Bad Request
#0 /home/developer/ADC/ADC-PEL20/vendor/codeigniter4/framework/system/HTTP/CURLRequest.php(821): CodeIgniter\HTTP\Exceptions\HTTPException::forCurlError()
#1 /home/developer/ADC/ADC-PEL20/vendor/codeigniter4/framework/system/HTTP/CURLRequest.php(449): CodeIgniter\HTTP\CURLRequest->sendRequest()
#2 /home/developer/ADC/ADC-PEL20/vendor/codeigniter4/framework/system/HTTP/CURLRequest.php(158): CodeIgniter\HTTP\CURLRequest->send()
#3 /home/developer/ADC/ADC-PEL20/vendor/codeigniter4/framework/system/HTTP/CURLRequest.php(175): CodeIgniter\HTTP\CURLRequest->request()
#4 /home/developer/ADC/ADC-PEL20/app/Controllers/Orders.php(89): CodeIgniter\HTTP\CURLRequest->get()
#5 /home/developer/ADC/ADC-PEL20/vendor/codeigniter4/framework/system/CodeIgniter.php(918): App\Controllers\Orders->search()
#6 /home/developer/ADC/ADC-PEL20/vendor/codeigniter4/framework/system/CodeIgniter.php(404): CodeIgniter\CodeIgniter->runController()
#7 /home/developer/ADC/ADC-PEL20/vendor/codeigniter4/framework/system/CodeIgniter.php(312): CodeIgniter\CodeIgniter->handleRequest()
#8 /home/developer/ADC/ADC-PEL20/public/index.php(45): CodeIgniter\CodeIgniter->run()
#9 /home/developer/ADC/ADC-PEL20/vendor/codeigniter4/framework/system/Commands/Server/rewrite.php(34): require_once('/home/developer...')
#10 {main}
CRITICAL - 2020-10-26 17:39:58 --> 22 : The requested URL returned error: 400 Bad Request
#0 /home/developer/ADC/ADC-PEL20/vendor/codeigniter4/framework/system/HTTP/CURLRequest.php(821): CodeIgniter\HTTP\Exceptions\HTTPException::forCurlError()
#1 /home/developer/ADC/ADC-PEL20/vendor/codeigniter4/framework/system/HTTP/CURLRequest.php(449): CodeIgniter\HTTP\CURLRequest->sendRequest()
#2 /home/developer/ADC/ADC-PEL20/vendor/codeigniter4/framework/system/HTTP/CURLRequest.php(158): CodeIgniter\HTTP\CURLRequest->send()
#3 /home/developer/ADC/ADC-PEL20/vendor/codeigniter4/framework/system/HTTP/CURLRequest.php(175): CodeIgniter\HTTP\CURLRequest->request()
#4 /home/developer/ADC/ADC-PEL20/app/Controllers/Orders.php(89): CodeIgniter\HTTP\CURLRequest->get()
#5 /home/developer/ADC/ADC-PEL20/vendor/codeigniter4/framework/system/CodeIgniter.php(918): App\Controllers\Orders->search()
#6 /home/developer/ADC/ADC-PEL20/vendor/codeigniter4/framework/system/CodeIgniter.php(404): CodeIgniter\CodeIgniter->runController()
#7 /home/developer/ADC/ADC-PEL20/vendor/codeigniter4/framework/system/CodeIgniter.php(312): CodeIgniter\CodeIgniter->handleRequest()
#8 /home/developer/ADC/ADC-PEL20/public/index.php(45): CodeIgniter\CodeIgniter->run()
#9 /home/developer/ADC/ADC-PEL20/vendor/codeigniter4/framework/system/Commands/Server/rewrite.php(34): require_once('/home/developer...')
#10 {main}
CRITICAL - 2020-10-26 17:41:09 --> ss
#0 [internal function]: CodeIgniter\Debug\Exceptions->errorHandler()
#1 /home/developer/ADC/ADC-PEL20/app/Controllers/Orders.php(90): trigger_error()
#2 /home/developer/ADC/ADC-PEL20/vendor/codeigniter4/framework/system/CodeIgniter.php(918): App\Controllers\Orders->search()
#3 /home/developer/ADC/ADC-PEL20/vendor/codeigniter4/framework/system/CodeIgniter.php(404): CodeIgniter\CodeIgniter->runController()
#4 /home/developer/ADC/ADC-PEL20/vendor/codeigniter4/framework/system/CodeIgniter.php(312): CodeIgniter\CodeIgniter->handleRequest()
#5 /home/developer/ADC/ADC-PEL20/public/index.php(45): CodeIgniter\CodeIgniter->run()
#6 /home/developer/ADC/ADC-PEL20/vendor/codeigniter4/framework/system/Commands/Server/rewrite.php(34): require_once('/home/developer...')
#7 {main}
CRITICAL - 2020-10-26 17:41:15 --> ss
#0 [internal function]: CodeIgniter\Debug\Exceptions->errorHandler()
#1 /home/developer/ADC/ADC-PEL20/app/Controllers/Orders.php(90): trigger_error()
#2 /home/developer/ADC/ADC-PEL20/vendor/codeigniter4/framework/system/CodeIgniter.php(918): App\Controllers\Orders->search()
#3 /home/developer/ADC/ADC-PEL20/vendor/codeigniter4/framework/system/CodeIgniter.php(404): CodeIgniter\CodeIgniter->runController()
#4 /home/developer/ADC/ADC-PEL20/vendor/codeigniter4/framework/system/CodeIgniter.php(312): CodeIgniter\CodeIgniter->handleRequest()
#5 /home/developer/ADC/ADC-PEL20/public/index.php(45): CodeIgniter\CodeIgniter->run()
#6 /home/developer/ADC/ADC-PEL20/vendor/codeigniter4/framework/system/Commands/Server/rewrite.php(34): require_once('/home/developer...')
#7 {main}
CRITICAL - 2020-10-26 17:41:27 --> ss
#0 [internal function]: CodeIgniter\Debug\Exceptions->errorHandler()
#1 /home/developer/ADC/ADC-PEL20/app/Controllers/Orders.php(90): trigger_error()
#2 /home/developer/ADC/ADC-PEL20/vendor/codeigniter4/framework/system/CodeIgniter.php(918): App\Controllers\Orders->search()
#3 /home/developer/ADC/ADC-PEL20/vendor/codeigniter4/framework/system/CodeIgniter.php(404): CodeIgniter\CodeIgniter->runController()
#4 /home/developer/ADC/ADC-PEL20/vendor/codeigniter4/framework/system/CodeIgniter.php(312): CodeIgniter\CodeIgniter->handleRequest()
#5 /home/developer/ADC/ADC-PEL20/public/index.php(45): CodeIgniter\CodeIgniter->run()
#6 /home/developer/ADC/ADC-PEL20/vendor/codeigniter4/framework/system/Commands/Server/rewrite.php(34): require_once('/home/developer...')
#7 {main}
CRITICAL - 2020-10-26 18:01:47 --> syntax error, unexpected ';', expecting ']'
#0 /home/developer/ADC/ADC-PEL20/vendor/codeigniter4/framework/system/Autoloader/Autoloader.php(296): CodeIgniter\Autoloader\Autoloader->requireFile()
#1 /home/developer/ADC/ADC-PEL20/vendor/codeigniter4/framework/system/Autoloader/Autoloader.php(258): CodeIgniter\Autoloader\Autoloader->loadInNamespace()
#2 [internal function]: CodeIgniter\Autoloader\Autoloader->loadClass()
#3 [internal function]: spl_autoload_call()
#4 /home/developer/ADC/ADC-PEL20/vendor/codeigniter4/framework/system/CodeIgniter.php(869): class_exists()
#5 /home/developer/ADC/ADC-PEL20/vendor/codeigniter4/framework/system/CodeIgniter.php(394): CodeIgniter\CodeIgniter->startController()
#6 /home/developer/ADC/ADC-PEL20/vendor/codeigniter4/framework/system/CodeIgniter.php(312): CodeIgniter\CodeIgniter->handleRequest()
#7 /home/developer/ADC/ADC-PEL20/public/index.php(45): CodeIgniter\CodeIgniter->run()
#8 /home/developer/ADC/ADC-PEL20/vendor/codeigniter4/framework/system/Commands/Server/rewrite.php(34): require_once('/home/developer...')
#9 {main}
CRITICAL - 2020-10-26 18:02:53 --> 22 : The requested URL returned error: 400 Bad Request
#0 /home/developer/ADC/ADC-PEL20/vendor/codeigniter4/framework/system/HTTP/CURLRequest.php(821): CodeIgniter\HTTP\Exceptions\HTTPException::forCurlError()
#1 /home/developer/ADC/ADC-PEL20/vendor/codeigniter4/framework/system/HTTP/CURLRequest.php(449): CodeIgniter\HTTP\CURLRequest->sendRequest()
#2 /home/developer/ADC/ADC-PEL20/vendor/codeigniter4/framework/system/HTTP/CURLRequest.php(158): CodeIgniter\HTTP\CURLRequest->send()
#3 /home/developer/ADC/ADC-PEL20/vendor/codeigniter4/framework/system/HTTP/CURLRequest.php(175): CodeIgniter\HTTP\CURLRequest->request()
#4 /home/developer/ADC/ADC-PEL20/app/Controllers/Orders.php(93): CodeIgniter\HTTP\CURLRequest->get()
#5 /home/developer/ADC/ADC-PEL20/vendor/codeigniter4/framework/system/CodeIgniter.php(918): App\Controllers\Orders->search()
#6 /home/developer/ADC/ADC-PEL20/vendor/codeigniter4/framework/system/CodeIgniter.php(404): CodeIgniter\CodeIgniter->runController()
#7 /home/developer/ADC/ADC-PEL20/vendor/codeigniter4/framework/system/CodeIgniter.php(312): CodeIgniter\CodeIgniter->handleRequest()
#8 /home/developer/ADC/ADC-PEL20/public/index.php(45): CodeIgniter\CodeIgniter->run()
#9 /home/developer/ADC/ADC-PEL20/vendor/codeigniter4/framework/system/Commands/Server/rewrite.php(34): require_once('/home/developer...')
#10 {main}
CRITICAL - 2020-10-26 18:03:03 --> 22 : The requested URL returned error: 400 Bad Request
#0 /home/developer/ADC/ADC-PEL20/vendor/codeigniter4/framework/system/HTTP/CURLRequest.php(821): CodeIgniter\HTTP\Exceptions\HTTPException::forCurlError()
#1 /home/developer/ADC/ADC-PEL20/vendor/codeigniter4/framework/system/HTTP/CURLRequest.php(449): CodeIgniter\HTTP\CURLRequest->sendRequest()
#2 /home/developer/ADC/ADC-PEL20/vendor/codeigniter4/framework/system/HTTP/CURLRequest.php(158): CodeIgniter\HTTP\CURLRequest->send()
#3 /home/developer/ADC/ADC-PEL20/vendor/codeigniter4/framework/system/HTTP/CURLRequest.php(175): CodeIgniter\HTTP\CURLRequest->request()
#4 /home/developer/ADC/ADC-PEL20/app/Controllers/Orders.php(93): CodeIgniter\HTTP\CURLRequest->get()
#5 /home/developer/ADC/ADC-PEL20/vendor/codeigniter4/framework/system/CodeIgniter.php(918): App\Controllers\Orders->search()
#6 /home/developer/ADC/ADC-PEL20/vendor/codeigniter4/framework/system/CodeIgniter.php(404): CodeIgniter\CodeIgniter->runController()
#7 /home/developer/ADC/ADC-PEL20/vendor/codeigniter4/framework/system/CodeIgniter.php(312): CodeIgniter\CodeIgniter->handleRequest()
#8 /home/developer/ADC/ADC-PEL20/public/index.php(45): CodeIgniter\CodeIgniter->run()
#9 /home/developer/ADC/ADC-PEL20/vendor/codeigniter4/framework/system/Commands/Server/rewrite.php(34): require_once('/home/developer...')
#10 {main}
CRITICAL - 2020-10-26 18:03:27 --> Use of undefined constant telares_api - assumed 'telares_api' (this will throw an Error in a future version of PHP)
#0 /home/developer/ADC/ADC-PEL20/app/Controllers/Orders.php(81): CodeIgniter\Debug\Exceptions->errorHandler()
#1 /home/developer/ADC/ADC-PEL20/vendor/codeigniter4/framework/system/CodeIgniter.php(918): App\Controllers\Orders->search()
#2 /home/developer/ADC/ADC-PEL20/vendor/codeigniter4/framework/system/CodeIgniter.php(404): CodeIgniter\CodeIgniter->runController()
#3 /home/developer/ADC/ADC-PEL20/vendor/codeigniter4/framework/system/CodeIgniter.php(312): CodeIgniter\CodeIgniter->handleRequest()
#4 /home/developer/ADC/ADC-PEL20/public/index.php(45): CodeIgniter\CodeIgniter->run()
#5 /home/developer/ADC/ADC-PEL20/vendor/codeigniter4/framework/system/Commands/Server/rewrite.php(34): require_once('/home/developer...')
#6 {main}
CRITICAL - 2020-10-26 18:04:32 --> Use of undefined constant telares_api - assumed 'telares_api' (this will throw an Error in a future version of PHP)
#0 /home/developer/ADC/ADC-PEL20/app/Controllers/Orders.php(81): CodeIgniter\Debug\Exceptions->errorHandler()
#1 /home/developer/ADC/ADC-PEL20/vendor/codeigniter4/framework/system/CodeIgniter.php(918): App\Controllers\Orders->search()
#2 /home/developer/ADC/ADC-PEL20/vendor/codeigniter4/framework/system/CodeIgniter.php(404): CodeIgniter\CodeIgniter->runController()
#3 /home/developer/ADC/ADC-PEL20/vendor/codeigniter4/framework/system/CodeIgniter.php(312): CodeIgniter\CodeIgniter->handleRequest()
#4 /home/developer/ADC/ADC-PEL20/public/index.php(45): CodeIgniter\CodeIgniter->run()
#5 /home/developer/ADC/ADC-PEL20/vendor/codeigniter4/framework/system/Commands/Server/rewrite.php(34): require_once('/home/developer...')
#6 {main}
CRITICAL - 2020-10-26 18:05:20 --> 22 : The requested URL returned error: 400 Bad Request
#0 /home/developer/ADC/ADC-PEL20/vendor/codeigniter4/framework/system/HTTP/CURLRequest.php(821): CodeIgniter\HTTP\Exceptions\HTTPException::forCurlError()
#1 /home/developer/ADC/ADC-PEL20/vendor/codeigniter4/framework/system/HTTP/CURLRequest.php(449): CodeIgniter\HTTP\CURLRequest->sendRequest()
#2 /home/developer/ADC/ADC-PEL20/vendor/codeigniter4/framework/system/HTTP/CURLRequest.php(158): CodeIgniter\HTTP\CURLRequest->send()
#3 /home/developer/ADC/ADC-PEL20/vendor/codeigniter4/framework/system/HTTP/CURLRequest.php(175): CodeIgniter\HTTP\CURLRequest->request()
#4 /home/developer/ADC/ADC-PEL20/app/Controllers/Orders.php(93): CodeIgniter\HTTP\CURLRequest->get()
#5 /home/developer/ADC/ADC-PEL20/vendor/codeigniter4/framework/system/CodeIgniter.php(918): App\Controllers\Orders->search()
#6 /home/developer/ADC/ADC-PEL20/vendor/codeigniter4/framework/system/CodeIgniter.php(404): CodeIgniter\CodeIgniter->runController()
#7 /home/developer/ADC/ADC-PEL20/vendor/codeigniter4/framework/system/CodeIgniter.php(312): CodeIgniter\CodeIgniter->handleRequest()
#8 /home/developer/ADC/ADC-PEL20/public/index.php(45): CodeIgniter\CodeIgniter->run()
#9 /home/developer/ADC/ADC-PEL20/vendor/codeigniter4/framework/system/Commands/Server/rewrite.php(34): require_once('/home/developer...')
#10 {main}
CRITICAL - 2020-10-26 18:05:54 --> 22 : The requested URL returned error: 400 Bad Request
#0 /home/developer/ADC/ADC-PEL20/vendor/codeigniter4/framework/system/HTTP/CURLRequest.php(821): CodeIgniter\HTTP\Exceptions\HTTPException::forCurlError()
#1 /home/developer/ADC/ADC-PEL20/vendor/codeigniter4/framework/system/HTTP/CURLRequest.php(449): CodeIgniter\HTTP\CURLRequest->sendRequest()
#2 /home/developer/ADC/ADC-PEL20/vendor/codeigniter4/framework/system/HTTP/CURLRequest.php(158): CodeIgniter\HTTP\CURLRequest->send()
#3 /home/developer/ADC/ADC-PEL20/vendor/codeigniter4/framework/system/HTTP/CURLRequest.php(175): CodeIgniter\HTTP\CURLRequest->request()
#4 /home/developer/ADC/ADC-PEL20/app/Controllers/Orders.php(93): CodeIgniter\HTTP\CURLRequest->get()
#5 /home/developer/ADC/ADC-PEL20/vendor/codeigniter4/framework/system/CodeIgniter.php(918): App\Controllers\Orders->search()
#6 /home/developer/ADC/ADC-PEL20/vendor/codeigniter4/framework/system/CodeIgniter.php(404): CodeIgniter\CodeIgniter->runController()
#7 /home/developer/ADC/ADC-PEL20/vendor/codeigniter4/framework/system/CodeIgniter.php(312): CodeIgniter\CodeIgniter->handleRequest()
#8 /home/developer/ADC/ADC-PEL20/public/index.php(45): CodeIgniter\CodeIgniter->run()
#9 /home/developer/ADC/ADC-PEL20/vendor/codeigniter4/framework/system/Commands/Server/rewrite.php(34): require_once('/home/developer...')
#10 {main}
CRITICAL - 2020-10-26 18:06:16 --> Unable to connect to the database.
#0 /home/developer/ADC/ADC-PEL20/vendor/codeigniter4/framework/system/Database/BaseConnection.php(646): CodeIgniter\Database\BaseConnection->initialize()
#1 /home/developer/ADC/ADC-PEL20/vendor/codeigniter4/framework/system/Database/BaseBuilder.php(1860): CodeIgniter\Database\BaseConnection->query()
#2 /home/developer/ADC/ADC-PEL20/vendor/codeigniter4/framework/system/Model.php(462): CodeIgniter\Database\BaseBuilder->get()
#3 /home/developer/ADC/ADC-PEL20/app/Controllers/Home.php(15): CodeIgniter\Model->findAll()
#4 /home/developer/ADC/ADC-PEL20/vendor/codeigniter4/framework/system/CodeIgniter.php(918): App\Controllers\Home->login()
#5 /home/developer/ADC/ADC-PEL20/vendor/codeigniter4/framework/system/CodeIgniter.php(404): CodeIgniter\CodeIgniter->runController()
#6 /home/developer/ADC/ADC-PEL20/vendor/codeigniter4/framework/system/CodeIgniter.php(312): CodeIgniter\CodeIgniter->handleRequest()
#7 /home/developer/ADC/ADC-PEL20/public/index.php(45): CodeIgniter\CodeIgniter->run()
#8 {main}
CRITICAL - 2020-10-26 18:09:38 --> Unable to connect to the database.
#0 /home/developer/ADC/ADC-PEL20/vendor/codeigniter4/framework/system/Database/BaseConnection.php(646): CodeIgniter\Database\BaseConnection->initialize()
#1 /home/developer/ADC/ADC-PEL20/vendor/codeigniter4/framework/system/Database/BaseBuilder.php(1860): CodeIgniter\Database\BaseConnection->query()
#2 /home/developer/ADC/ADC-PEL20/vendor/codeigniter4/framework/system/Model.php(462): CodeIgniter\Database\BaseBuilder->get()
#3 /home/developer/ADC/ADC-PEL20/app/Controllers/Orders.php(35): CodeIgniter\Model->findAll()
#4 /home/developer/ADC/ADC-PEL20/vendor/codeigniter4/framework/system/CodeIgniter.php(918): App\Controllers\Orders->create()
#5 /home/developer/ADC/ADC-PEL20/vendor/codeigniter4/framework/system/CodeIgniter.php(404): CodeIgniter\CodeIgniter->runController()
#6 /home/developer/ADC/ADC-PEL20/vendor/codeigniter4/framework/system/CodeIgniter.php(312): CodeIgniter\CodeIgniter->handleRequest()
#7 /home/developer/ADC/ADC-PEL20/public/index.php(45): CodeIgniter\CodeIgniter->run()
#8 /home/developer/ADC/ADC-PEL20/vendor/codeigniter4/framework/system/Commands/Server/rewrite.php(34): require_once('/home/developer...')
#9 {main}
CRITICAL - 2020-10-26 18:10:06 --> Call to undefined method App\Controllers\Orders::getenv()
#0 /home/developer/ADC/ADC-PEL20/vendor/codeigniter4/framework/system/CodeIgniter.php(918): App\Controllers\Orders->search()
#1 /home/developer/ADC/ADC-PEL20/vendor/codeigniter4/framework/system/CodeIgniter.php(404): CodeIgniter\CodeIgniter->runController()
#2 /home/developer/ADC/ADC-PEL20/vendor/codeigniter4/framework/system/CodeIgniter.php(312): CodeIgniter\CodeIgniter->handleRequest()
#3 /home/developer/ADC/ADC-PEL20/public/index.php(45): CodeIgniter\CodeIgniter->run()
#4 /home/developer/ADC/ADC-PEL20/vendor/codeigniter4/framework/system/Commands/Server/rewrite.php(34): require_once('/home/developer...')
#5 {main}
CRITICAL - 2020-10-26 18:10:09 --> Call to undefined method App\Controllers\Orders::getenv()
#0 /home/developer/ADC/ADC-PEL20/vendor/codeigniter4/framework/system/CodeIgniter.php(918): App\Controllers\Orders->search()
#1 /home/developer/ADC/ADC-PEL20/vendor/codeigniter4/framework/system/CodeIgniter.php(404): CodeIgniter\CodeIgniter->runController()
#2 /home/developer/ADC/ADC-PEL20/vendor/codeigniter4/framework/system/CodeIgniter.php(312): CodeIgniter\CodeIgniter->handleRequest()
#3 /home/developer/ADC/ADC-PEL20/public/index.php(45): CodeIgniter\CodeIgniter->run()
#4 /home/developer/ADC/ADC-PEL20/vendor/codeigniter4/framework/system/Commands/Server/rewrite.php(34): require_once('/home/developer...')
#5 {main}
CRITICAL - 2020-10-26 18:37:33 --> 7 : Failed to connect to telares-api.fmsolutions2.com port 80: No route to host
#0 /home/developer/ADC/ADC-PEL20/vendor/codeigniter4/framework/system/HTTP/CURLRequest.php(821): CodeIgniter\HTTP\Exceptions\HTTPException::forCurlError()
#1 /home/developer/ADC/ADC-PEL20/vendor/codeigniter4/framework/system/HTTP/CURLRequest.php(449): CodeIgniter\HTTP\CURLRequest->sendRequest()
#2 /home/developer/ADC/ADC-PEL20/vendor/codeigniter4/framework/system/HTTP/CURLRequest.php(158): CodeIgniter\HTTP\CURLRequest->send()
#3 /home/developer/ADC/ADC-PEL20/vendor/codeigniter4/framework/system/HTTP/CURLRequest.php(175): CodeIgniter\HTTP\CURLRequest->request()
#4 /home/developer/ADC/ADC-PEL20/app/Controllers/Orders.php(89): CodeIgniter\HTTP\CURLRequest->get()
#5 /home/developer/ADC/ADC-PEL20/vendor/codeigniter4/framework/system/CodeIgniter.php(918): App\Controllers\Orders->search()
#6 /home/developer/ADC/ADC-PEL20/vendor/codeigniter4/framework/system/CodeIgniter.php(404): CodeIgniter\CodeIgniter->runController()
#7 /home/developer/ADC/ADC-PEL20/vendor/codeigniter4/framework/system/CodeIgniter.php(312): CodeIgniter\CodeIgniter->handleRequest()
#8 /home/developer/ADC/ADC-PEL20/public/index.php(45): CodeIgniter\CodeIgniter->run()
#9 /home/developer/ADC/ADC-PEL20/vendor/codeigniter4/framework/system/Commands/Server/rewrite.php(34): require_once('/home/developer...')
#10 {main}
CRITICAL - 2020-10-26 22:45:37 --> 22 : The requested URL returned error: 400 Bad Request
#0 /home/developer/ADC/ADC-PEL20/vendor/codeigniter4/framework/system/HTTP/CURLRequest.php(821): CodeIgniter\HTTP\Exceptions\HTTPException::forCurlError()
#1 /home/developer/ADC/ADC-PEL20/vendor/codeigniter4/framework/system/HTTP/CURLRequest.php(449): CodeIgniter\HTTP\CURLRequest->sendRequest()
#2 /home/developer/ADC/ADC-PEL20/vendor/codeigniter4/framework/system/HTTP/CURLRequest.php(158): CodeIgniter\HTTP\CURLRequest->send()
#3 /home/developer/ADC/ADC-PEL20/app/Controllers/Orders.php(221): CodeIgniter\HTTP\CURLRequest->request()
#4 /home/developer/ADC/ADC-PEL20/vendor/codeigniter4/framework/system/CodeIgniter.php(918): App\Controllers\Orders->send()
#5 /home/developer/ADC/ADC-PEL20/vendor/codeigniter4/framework/system/CodeIgniter.php(404): CodeIgniter\CodeIgniter->runController()
#6 /home/developer/ADC/ADC-PEL20/vendor/codeigniter4/framework/system/CodeIgniter.php(312): CodeIgniter\CodeIgniter->handleRequest()
#7 /home/developer/ADC/ADC-PEL20/public/index.php(45): CodeIgniter\CodeIgniter->run()
#8 /home/developer/ADC/ADC-PEL20/vendor/codeigniter4/framework/system/Commands/Server/rewrite.php(34): require_once('/home/developer...')
#9 {main}
CRITICAL - 2020-10-26 22:46:49 --> Call to undefined method App\Models\OrderModel::insertID
#0 /home/developer/ADC/ADC-PEL20/app/Controllers/Orders.php(261): CodeIgniter\Model->__call()
#1 /home/developer/ADC/ADC-PEL20/app/Controllers/Orders.php(133): App\Controllers\Orders->insert()
#2 /home/developer/ADC/ADC-PEL20/vendor/codeigniter4/framework/system/CodeIgniter.php(918): App\Controllers\Orders->save()
#3 /home/developer/ADC/ADC-PEL20/vendor/codeigniter4/framework/system/CodeIgniter.php(404): CodeIgniter\CodeIgniter->runController()
#4 /home/developer/ADC/ADC-PEL20/vendor/codeigniter4/framework/system/CodeIgniter.php(312): CodeIgniter\CodeIgniter->handleRequest()
#5 /home/developer/ADC/ADC-PEL20/public/index.php(45): CodeIgniter\CodeIgniter->run()
#6 /home/developer/ADC/ADC-PEL20/vendor/codeigniter4/framework/system/Commands/Server/rewrite.php(34): require_once('/home/developer...')
#7 {main}
CRITICAL - 2020-10-26 22:46:50 --> Call to undefined method App\Models\OrderModel::insertID
#0 /home/developer/ADC/ADC-PEL20/app/Controllers/Orders.php(261): CodeIgniter\Model->__call()
#1 /home/developer/ADC/ADC-PEL20/app/Controllers/Orders.php(133): App\Controllers\Orders->insert()
#2 /home/developer/ADC/ADC-PEL20/vendor/codeigniter4/framework/system/CodeIgniter.php(918): App\Controllers\Orders->save()
#3 /home/developer/ADC/ADC-PEL20/vendor/codeigniter4/framework/system/CodeIgniter.php(404): CodeIgniter\CodeIgniter->runController()
#4 /home/developer/ADC/ADC-PEL20/vendor/codeigniter4/framework/system/CodeIgniter.php(312): CodeIgniter\CodeIgniter->handleRequest()
#5 /home/developer/ADC/ADC-PEL20/public/index.php(45): CodeIgniter\CodeIgniter->run()
#6 /home/developer/ADC/ADC-PEL20/vendor/codeigniter4/framework/system/Commands/Server/rewrite.php(34): require_once('/home/developer...')
#7 {main}
CRITICAL - 2020-10-26 22:47:33 --> Call to undefined method App\Models\OrderModel::insertID
#0 /home/developer/ADC/ADC-PEL20/app/Controllers/Orders.php(261): CodeIgniter\Model->__call()
#1 /home/developer/ADC/ADC-PEL20/app/Controllers/Orders.php(133): App\Controllers\Orders->insert()
#2 /home/developer/ADC/ADC-PEL20/vendor/codeigniter4/framework/system/CodeIgniter.php(918): App\Controllers\Orders->save()
#3 /home/developer/ADC/ADC-PEL20/vendor/codeigniter4/framework/system/CodeIgniter.php(404): CodeIgniter\CodeIgniter->runController()
#4 /home/developer/ADC/ADC-PEL20/vendor/codeigniter4/framework/system/CodeIgniter.php(312): CodeIgniter\CodeIgniter->handleRequest()
#5 /home/developer/ADC/ADC-PEL20/public/index.php(45): CodeIgniter\CodeIgniter->run()
#6 /home/developer/ADC/ADC-PEL20/vendor/codeigniter4/framework/system/Commands/Server/rewrite.php(34): require_once('/home/developer...')
#7 {main}
CRITICAL - 2020-10-26 22:47:41 --> Call to undefined method App\Models\OrderModel::insertID
#0 /home/developer/ADC/ADC-PEL20/app/Controllers/Orders.php(261): CodeIgniter\Model->__call()
#1 /home/developer/ADC/ADC-PEL20/app/Controllers/Orders.php(133): App\Controllers\Orders->insert()
#2 /home/developer/ADC/ADC-PEL20/vendor/codeigniter4/framework/system/CodeIgniter.php(918): App\Controllers\Orders->save()
#3 /home/developer/ADC/ADC-PEL20/vendor/codeigniter4/framework/system/CodeIgniter.php(404): CodeIgniter\CodeIgniter->runController()
#4 /home/developer/ADC/ADC-PEL20/vendor/codeigniter4/framework/system/CodeIgniter.php(312): CodeIgniter\CodeIgniter->handleRequest()
#5 /home/developer/ADC/ADC-PEL20/public/index.php(45): CodeIgniter\CodeIgniter->run()
#6 /home/developer/ADC/ADC-PEL20/vendor/codeigniter4/framework/system/Commands/Server/rewrite.php(34): require_once('/home/developer...')
#7 {main}
CRITICAL - 2020-10-26 22:47:45 --> Call to undefined method App\Models\OrderModel::insertID
#0 /home/developer/ADC/ADC-PEL20/app/Controllers/Orders.php(261): CodeIgniter\Model->__call()
#1 /home/developer/ADC/ADC-PEL20/app/Controllers/Orders.php(133): App\Controllers\Orders->insert()
#2 /home/developer/ADC/ADC-PEL20/vendor/codeigniter4/framework/system/CodeIgniter.php(918): App\Controllers\Orders->save()
#3 /home/developer/ADC/ADC-PEL20/vendor/codeigniter4/framework/system/CodeIgniter.php(404): CodeIgniter\CodeIgniter->runController()
#4 /home/developer/ADC/ADC-PEL20/vendor/codeigniter4/framework/system/CodeIgniter.php(312): CodeIgniter\CodeIgniter->handleRequest()
#5 /home/developer/ADC/ADC-PEL20/public/index.php(45): CodeIgniter\CodeIgniter->run()
#6 /home/developer/ADC/ADC-PEL20/vendor/codeigniter4/framework/system/Commands/Server/rewrite.php(34): require_once('/home/developer...')
#7 {main}
CRITICAL - 2020-10-26 22:48:22 --> Call to undefined method App\Models\OrderModel::insertID
#0 /home/developer/ADC/ADC-PEL20/app/Controllers/Orders.php(261): CodeIgniter\Model->__call()
#1 /home/developer/ADC/ADC-PEL20/app/Controllers/Orders.php(133): App\Controllers\Orders->insert()
#2 /home/developer/ADC/ADC-PEL20/vendor/codeigniter4/framework/system/CodeIgniter.php(918): App\Controllers\Orders->save()
#3 /home/developer/ADC/ADC-PEL20/vendor/codeigniter4/framework/system/CodeIgniter.php(404): CodeIgniter\CodeIgniter->runController()
#4 /home/developer/ADC/ADC-PEL20/vendor/codeigniter4/framework/system/CodeIgniter.php(312): CodeIgniter\CodeIgniter->handleRequest()
#5 /home/developer/ADC/ADC-PEL20/public/index.php(45): CodeIgniter\CodeIgniter->run()
#6 /home/developer/ADC/ADC-PEL20/vendor/codeigniter4/framework/system/Commands/Server/rewrite.php(34): require_once('/home/developer...')
#7 {main}
CRITICAL - 2020-10-26 22:48:28 --> Call to undefined method App\Models\OrderModel::insertID
#0 /home/developer/ADC/ADC-PEL20/app/Controllers/Orders.php(261): CodeIgniter\Model->__call()
#1 /home/developer/ADC/ADC-PEL20/app/Controllers/Orders.php(133): App\Controllers\Orders->insert()
#2 /home/developer/ADC/ADC-PEL20/vendor/codeigniter4/framework/system/CodeIgniter.php(918): App\Controllers\Orders->save()
#3 /home/developer/ADC/ADC-PEL20/vendor/codeigniter4/framework/system/CodeIgniter.php(404): CodeIgniter\CodeIgniter->runController()
#4 /home/developer/ADC/ADC-PEL20/vendor/codeigniter4/framework/system/CodeIgniter.php(312): CodeIgniter\CodeIgniter->handleRequest()
#5 /home/developer/ADC/ADC-PEL20/public/index.php(45): CodeIgniter\CodeIgniter->run()
#6 /home/developer/ADC/ADC-PEL20/vendor/codeigniter4/framework/system/Commands/Server/rewrite.php(34): require_once('/home/developer...')
#7 {main}
CRITICAL - 2020-10-26 22:48:35 --> Call to undefined method App\Models\OrderModel::insertID
#0 /home/developer/ADC/ADC-PEL20/app/Controllers/Orders.php(261): CodeIgniter\Model->__call()
#1 /home/developer/ADC/ADC-PEL20/app/Controllers/Orders.php(133): App\Controllers\Orders->insert()
#2 /home/developer/ADC/ADC-PEL20/vendor/codeigniter4/framework/system/CodeIgniter.php(918): App\Controllers\Orders->save()
#3 /home/developer/ADC/ADC-PEL20/vendor/codeigniter4/framework/system/CodeIgniter.php(404): CodeIgniter\CodeIgniter->runController()
#4 /home/developer/ADC/ADC-PEL20/vendor/codeigniter4/framework/system/CodeIgniter.php(312): CodeIgniter\CodeIgniter->handleRequest()
#5 /home/developer/ADC/ADC-PEL20/public/index.php(45): CodeIgniter\CodeIgniter->run()
#6 /home/developer/ADC/ADC-PEL20/vendor/codeigniter4/framework/system/Commands/Server/rewrite.php(34): require_once('/home/developer...')
#7 {main}
CRITICAL - 2020-10-26 22:48:50 --> Unable to connect to the database.
#0 /home/developer/ADC/ADC-PEL20/vendor/codeigniter4/framework/system/Database/BaseConnection.php(646): CodeIgniter\Database\BaseConnection->initialize()
#1 /home/developer/ADC/ADC-PEL20/vendor/codeigniter4/framework/system/Database/BaseBuilder.php(1860): CodeIgniter\Database\BaseConnection->query()
#2 /home/developer/ADC/ADC-PEL20/vendor/codeigniter4/framework/system/Model.php(404): CodeIgniter\Database\BaseBuilder->get()
#3 /home/developer/ADC/ADC-PEL20/app/Controllers/Orders.php(115): CodeIgniter\Model->find()
#4 /home/developer/ADC/ADC-PEL20/vendor/codeigniter4/framework/system/CodeIgniter.php(918): App\Controllers\Orders->save()
#5 /home/developer/ADC/ADC-PEL20/vendor/codeigniter4/framework/system/CodeIgniter.php(404): CodeIgniter\CodeIgniter->runController()
#6 /home/developer/ADC/ADC-PEL20/vendor/codeigniter4/framework/system/CodeIgniter.php(312): CodeIgniter\CodeIgniter->handleRequest()
#7 /home/developer/ADC/ADC-PEL20/public/index.php(45): CodeIgniter\CodeIgniter->run()
#8 /home/developer/ADC/ADC-PEL20/vendor/codeigniter4/framework/system/Commands/Server/rewrite.php(34): require_once('/home/developer...')
#9 {main}
CRITICAL - 2020-10-26 22:49:01 --> Only variables should be passed by reference
#0 /home/developer/ADC/ADC-PEL20/app/Controllers/Orders.php(116): CodeIgniter\Debug\Exceptions->errorHandler()
#1 /home/developer/ADC/ADC-PEL20/vendor/codeigniter4/framework/system/CodeIgniter.php(918): App\Controllers\Orders->save()
#2 /home/developer/ADC/ADC-PEL20/vendor/codeigniter4/framework/system/CodeIgniter.php(404): CodeIgniter\CodeIgniter->runController()
#3 /home/developer/ADC/ADC-PEL20/vendor/codeigniter4/framework/system/CodeIgniter.php(312): CodeIgniter\CodeIgniter->handleRequest()
#4 /home/developer/ADC/ADC-PEL20/public/index.php(45): CodeIgniter\CodeIgniter->run()
#5 /home/developer/ADC/ADC-PEL20/vendor/codeigniter4/framework/system/Commands/Server/rewrite.php(34): require_once('/home/developer...')
#6 {main}
CRITICAL - 2020-10-26 22:49:09 --> Only variables should be passed by reference
#0 /home/developer/ADC/ADC-PEL20/app/Controllers/Orders.php(37): CodeIgniter\Debug\Exceptions->errorHandler()
#1 /home/developer/ADC/ADC-PEL20/vendor/codeigniter4/framework/system/CodeIgniter.php(918): App\Controllers\Orders->create()
#2 /home/developer/ADC/ADC-PEL20/vendor/codeigniter4/framework/system/CodeIgniter.php(404): CodeIgniter\CodeIgniter->runController()
#3 /home/developer/ADC/ADC-PEL20/vendor/codeigniter4/framework/system/CodeIgniter.php(312): CodeIgniter\CodeIgniter->handleRequest()
#4 /home/developer/ADC/ADC-PEL20/public/index.php(45): CodeIgniter\CodeIgniter->run()
#5 /home/developer/ADC/ADC-PEL20/vendor/codeigniter4/framework/system/Commands/Server/rewrite.php(34): require_once('/home/developer...')
#6 {main}
CRITICAL - 2020-10-26 22:49:15 --> Only variables should be passed by reference
#0 /home/developer/ADC/ADC-PEL20/app/Controllers/Orders.php(37): CodeIgniter\Debug\Exceptions->errorHandler()
#1 /home/developer/ADC/ADC-PEL20/vendor/codeigniter4/framework/system/CodeIgniter.php(918): App\Controllers\Orders->create()
#2 /home/developer/ADC/ADC-PEL20/vendor/codeigniter4/framework/system/CodeIgniter.php(404): CodeIgniter\CodeIgniter->runController()
#3 /home/developer/ADC/ADC-PEL20/vendor/codeigniter4/framework/system/CodeIgniter.php(312): CodeIgniter\CodeIgniter->handleRequest()
#4 /home/developer/ADC/ADC-PEL20/public/index.php(45): CodeIgniter\CodeIgniter->run()
#5 /home/developer/ADC/ADC-PEL20/vendor/codeigniter4/framework/system/Commands/Server/rewrite.php(34): require_once('/home/developer...')
#6 {main}
CRITICAL - 2020-10-26 22:49:31 --> Only variables should be passed by reference
#0 /home/developer/ADC/ADC-PEL20/app/Controllers/Home.php(28): CodeIgniter\Debug\Exceptions->errorHandler()
#1 /home/developer/ADC/ADC-PEL20/vendor/codeigniter4/framework/system/CodeIgniter.php(918): App\Controllers\Home->dashboard()
#2 /home/developer/ADC/ADC-PEL20/vendor/codeigniter4/framework/system/CodeIgniter.php(404): CodeIgniter\CodeIgniter->runController()
#3 /home/developer/ADC/ADC-PEL20/vendor/codeigniter4/framework/system/CodeIgniter.php(312): CodeIgniter\CodeIgniter->handleRequest()
#4 /home/developer/ADC/ADC-PEL20/public/index.php(45): CodeIgniter\CodeIgniter->run()
#5 /home/developer/ADC/ADC-PEL20/vendor/codeigniter4/framework/system/Commands/Server/rewrite.php(34): require_once('/home/developer...')
#6 {main}
CRITICAL - 2020-10-26 22:50:04 --> 22 : The requested URL returned error: 400 Bad Request
#0 /home/developer/ADC/ADC-PEL20/vendor/codeigniter4/framework/system/HTTP/CURLRequest.php(821): CodeIgniter\HTTP\Exceptions\HTTPException::forCurlError()
#1 /home/developer/ADC/ADC-PEL20/vendor/codeigniter4/framework/system/HTTP/CURLRequest.php(449): CodeIgniter\HTTP\CURLRequest->sendRequest()
#2 /home/developer/ADC/ADC-PEL20/vendor/codeigniter4/framework/system/HTTP/CURLRequest.php(158): CodeIgniter\HTTP\CURLRequest->send()
#3 /home/developer/ADC/ADC-PEL20/app/Controllers/Orders.php(221): CodeIgniter\HTTP\CURLRequest->request()
#4 /home/developer/ADC/ADC-PEL20/vendor/codeigniter4/framework/system/CodeIgniter.php(918): App\Controllers\Orders->send()
#5 /home/developer/ADC/ADC-PEL20/vendor/codeigniter4/framework/system/CodeIgniter.php(404): CodeIgniter\CodeIgniter->runController()
#6 /home/developer/ADC/ADC-PEL20/vendor/codeigniter4/framework/system/CodeIgniter.php(312): CodeIgniter\CodeIgniter->handleRequest()
#7 /home/developer/ADC/ADC-PEL20/public/index.php(45): CodeIgniter\CodeIgniter->run()
#8 /home/developer/ADC/ADC-PEL20/vendor/codeigniter4/framework/system/Commands/Server/rewrite.php(34): require_once('/home/developer...')
#9 {main}
CRITICAL - 2020-10-26 22:53:31 --> Call to undefined method App\Models\OrderModel::insertID
#0 /home/developer/ADC/ADC-PEL20/app/Controllers/Orders.php(261): CodeIgniter\Model->__call()
#1 /home/developer/ADC/ADC-PEL20/app/Controllers/Orders.php(133): App\Controllers\Orders->insert()
#2 /home/developer/ADC/ADC-PEL20/vendor/codeigniter4/framework/system/CodeIgniter.php(918): App\Controllers\Orders->save()
#3 /home/developer/ADC/ADC-PEL20/vendor/codeigniter4/framework/system/CodeIgniter.php(404): CodeIgniter\CodeIgniter->runController()
#4 /home/developer/ADC/ADC-PEL20/vendor/codeigniter4/framework/system/CodeIgniter.php(312): CodeIgniter\CodeIgniter->handleRequest()
#5 /home/developer/ADC/ADC-PEL20/public/index.php(45): CodeIgniter\CodeIgniter->run()
#6 /home/developer/ADC/ADC-PEL20/vendor/codeigniter4/framework/system/Commands/Server/rewrite.php(34): require_once('/home/developer...')
#7 {main}
CRITICAL - 2020-10-26 23:20:42 --> Call to undefined method App\Models\OrderModel::insertID
#0 /home/developer/ADC/ADC-PEL20/app/Controllers/Orders.php(259): CodeIgniter\Model->__call()
#1 /home/developer/ADC/ADC-PEL20/app/Controllers/Orders.php(133): App\Controllers\Orders->insert()
#2 /home/developer/ADC/ADC-PEL20/vendor/codeigniter4/framework/system/CodeIgniter.php(918): App\Controllers\Orders->save()
#3 /home/developer/ADC/ADC-PEL20/vendor/codeigniter4/framework/system/CodeIgniter.php(404): CodeIgniter\CodeIgniter->runController()
#4 /home/developer/ADC/ADC-PEL20/vendor/codeigniter4/framework/system/CodeIgniter.php(312): CodeIgniter\CodeIgniter->handleRequest()
#5 /home/developer/ADC/ADC-PEL20/public/index.php(45): CodeIgniter\CodeIgniter->run()
#6 /home/developer/ADC/ADC-PEL20/vendor/codeigniter4/framework/system/Commands/Server/rewrite.php(34): require_once('/home/developer...')
#7 {main}
