CRITICAL - 2020-10-25 22:43:49 --> 22 : The requested URL returned error: 404 Not Found
#0 /home/developer/ADC/ADC-PEL20/vendor/codeigniter4/framework/system/HTTP/CURLRequest.php(821): CodeIgniter\HTTP\Exceptions\HTTPException::forCurlError()
#1 /home/developer/ADC/ADC-PEL20/vendor/codeigniter4/framework/system/HTTP/CURLRequest.php(449): CodeIgniter\HTTP\CURLRequest->sendRequest()
#2 /home/developer/ADC/ADC-PEL20/vendor/codeigniter4/framework/system/HTTP/CURLRequest.php(158): CodeIgniter\HTTP\CURLRequest->send()
#3 /home/developer/ADC/ADC-PEL20/app/Controllers/Orders.php(182): CodeIgniter\HTTP\CURLRequest->request()
#4 /home/developer/ADC/ADC-PEL20/vendor/codeigniter4/framework/system/CodeIgniter.php(918): App\Controllers\Orders->send()
#5 /home/developer/ADC/ADC-PEL20/vendor/codeigniter4/framework/system/CodeIgniter.php(404): CodeIgniter\CodeIgniter->runController()
#6 /home/developer/ADC/ADC-PEL20/vendor/codeigniter4/framework/system/CodeIgniter.php(312): CodeIgniter\CodeIgniter->handleRequest()
#7 /home/developer/ADC/ADC-PEL20/public/index.php(45): CodeIgniter\CodeIgniter->run()
#8 /home/developer/ADC/ADC-PEL20/vendor/codeigniter4/framework/system/Commands/Server/rewrite.php(34): require_once('/home/developer...')
#9 {main}
CRITICAL - 2020-10-25 23:18:13 --> Invalid argument supplied for foreach()
#0 /home/developer/ADC/ADC-PEL20/app/Views/orders/list.php(54): CodeIgniter\Debug\Exceptions->errorHandler()
#1 /home/developer/ADC/ADC-PEL20/vendor/codeigniter4/framework/system/View/View.php(246): include('/home/developer...')
#2 /home/developer/ADC/ADC-PEL20/vendor/codeigniter4/framework/system/Common.php(1119): CodeIgniter\View\View->render()
#3 /home/developer/ADC/ADC-PEL20/app/Controllers/Office.php(59): view()
#4 /home/developer/ADC/ADC-PEL20/vendor/codeigniter4/framework/system/CodeIgniter.php(918): App\Controllers\Office->list_orders()
#5 /home/developer/ADC/ADC-PEL20/vendor/codeigniter4/framework/system/CodeIgniter.php(404): CodeIgniter\CodeIgniter->runController()
#6 /home/developer/ADC/ADC-PEL20/vendor/codeigniter4/framework/system/CodeIgniter.php(312): CodeIgniter\CodeIgniter->handleRequest()
#7 /home/developer/ADC/ADC-PEL20/public/index.php(45): CodeIgniter\CodeIgniter->run()
#8 /home/developer/ADC/ADC-PEL20/vendor/codeigniter4/framework/system/Commands/Server/rewrite.php(34): require_once('/home/developer...')
#9 {main}
CRITICAL - 2020-10-25 23:43:57 --> Invalid argument supplied for foreach()
#0 /home/developer/ADC/ADC-PEL20/app/Views/orders/list.php(55): CodeIgniter\Debug\Exceptions->errorHandler()
#1 /home/developer/ADC/ADC-PEL20/vendor/codeigniter4/framework/system/View/View.php(246): include('/home/developer...')
#2 /home/developer/ADC/ADC-PEL20/vendor/codeigniter4/framework/system/Common.php(1119): CodeIgniter\View\View->render()
#3 /home/developer/ADC/ADC-PEL20/app/Controllers/Office.php(59): view()
#4 /home/developer/ADC/ADC-PEL20/vendor/codeigniter4/framework/system/CodeIgniter.php(918): App\Controllers\Office->list_orders()
#5 /home/developer/ADC/ADC-PEL20/vendor/codeigniter4/framework/system/CodeIgniter.php(404): CodeIgniter\CodeIgniter->runController()
#6 /home/developer/ADC/ADC-PEL20/vendor/codeigniter4/framework/system/CodeIgniter.php(312): CodeIgniter\CodeIgniter->handleRequest()
#7 /home/developer/ADC/ADC-PEL20/public/index.php(45): CodeIgniter\CodeIgniter->run()
#8 /home/developer/ADC/ADC-PEL20/vendor/codeigniter4/framework/system/Commands/Server/rewrite.php(34): require_once('/home/developer...')
#9 {main}
