CRITICAL - 2020-10-10 21:22:09 --> Field `t_user_office_id_user` not found.
#0 /home/developer/ADC/ADC-PEL20/app/Database/Migrations/20201010215700_add_user_office.php(34): CodeIgniter\Database\Forge->addForeignKey()
#1 /home/developer/ADC/ADC-PEL20/vendor/codeigniter4/framework/system/Database/MigrationRunner.php(1060): App\Database\Migrations\AddUserOffice->up()
#2 /home/developer/ADC/ADC-PEL20/vendor/codeigniter4/framework/system/Database/MigrationRunner.php(223): CodeIgniter\Database\MigrationRunner->migrate()
#3 /home/developer/ADC/ADC-PEL20/vendor/codeigniter4/framework/system/Commands/Database/Migrate.php(128): CodeIgniter\Database\MigrationRunner->latest()
#4 /home/developer/ADC/ADC-PEL20/vendor/codeigniter4/framework/system/CLI/Commands.php(100): CodeIgniter\Commands\Database\Migrate->run()
#5 /home/developer/ADC/ADC-PEL20/vendor/codeigniter4/framework/system/CLI/BaseCommand.php(155): CodeIgniter\CLI\Commands->run()
#6 /home/developer/ADC/ADC-PEL20/vendor/codeigniter4/framework/system/Commands/Database/MigrateRefresh.php(124): CodeIgniter\CLI\BaseCommand->call()
#7 /home/developer/ADC/ADC-PEL20/vendor/codeigniter4/framework/system/CLI/Commands.php(100): CodeIgniter\Commands\Database\MigrateRefresh->run()
#8 /home/developer/ADC/ADC-PEL20/vendor/codeigniter4/framework/system/CLI/CommandRunner.php(107): CodeIgniter\CLI\Commands->run()
#9 /home/developer/ADC/ADC-PEL20/vendor/codeigniter4/framework/system/CLI/CommandRunner.php(85): CodeIgniter\CLI\CommandRunner->index()
#10 /home/developer/ADC/ADC-PEL20/vendor/codeigniter4/framework/system/CodeIgniter.php(914): CodeIgniter\CLI\CommandRunner->_remap()
#11 /home/developer/ADC/ADC-PEL20/vendor/codeigniter4/framework/system/CodeIgniter.php(404): CodeIgniter\CodeIgniter->runController()
#12 /home/developer/ADC/ADC-PEL20/vendor/codeigniter4/framework/system/CodeIgniter.php(312): CodeIgniter\CodeIgniter->handleRequest()
#13 /home/developer/ADC/ADC-PEL20/vendor/codeigniter4/framework/system/CLI/Console.php(86): CodeIgniter\CodeIgniter->run()
#14 /home/developer/ADC/ADC-PEL20/spark(57): CodeIgniter\CLI\Console->run()
#15 {main}
CRITICAL - 2020-10-10 21:24:01 --> Field `t_user_office.id_user` not found.
#0 /home/developer/ADC/ADC-PEL20/app/Database/Migrations/20201010215700_add_user_office.php(34): CodeIgniter\Database\Forge->addForeignKey()
#1 /home/developer/ADC/ADC-PEL20/vendor/codeigniter4/framework/system/Database/MigrationRunner.php(1060): App\Database\Migrations\AddUserOffice->up()
#2 /home/developer/ADC/ADC-PEL20/vendor/codeigniter4/framework/system/Database/MigrationRunner.php(223): CodeIgniter\Database\MigrationRunner->migrate()
#3 /home/developer/ADC/ADC-PEL20/vendor/codeigniter4/framework/system/Commands/Database/Migrate.php(128): CodeIgniter\Database\MigrationRunner->latest()
#4 /home/developer/ADC/ADC-PEL20/vendor/codeigniter4/framework/system/CLI/Commands.php(100): CodeIgniter\Commands\Database\Migrate->run()
#5 /home/developer/ADC/ADC-PEL20/vendor/codeigniter4/framework/system/CLI/BaseCommand.php(155): CodeIgniter\CLI\Commands->run()
#6 /home/developer/ADC/ADC-PEL20/vendor/codeigniter4/framework/system/Commands/Database/MigrateRefresh.php(124): CodeIgniter\CLI\BaseCommand->call()
#7 /home/developer/ADC/ADC-PEL20/vendor/codeigniter4/framework/system/CLI/Commands.php(100): CodeIgniter\Commands\Database\MigrateRefresh->run()
#8 /home/developer/ADC/ADC-PEL20/vendor/codeigniter4/framework/system/CLI/CommandRunner.php(107): CodeIgniter\CLI\Commands->run()
#9 /home/developer/ADC/ADC-PEL20/vendor/codeigniter4/framework/system/CLI/CommandRunner.php(85): CodeIgniter\CLI\CommandRunner->index()
#10 /home/developer/ADC/ADC-PEL20/vendor/codeigniter4/framework/system/CodeIgniter.php(914): CodeIgniter\CLI\CommandRunner->_remap()
#11 /home/developer/ADC/ADC-PEL20/vendor/codeigniter4/framework/system/CodeIgniter.php(404): CodeIgniter\CodeIgniter->runController()
#12 /home/developer/ADC/ADC-PEL20/vendor/codeigniter4/framework/system/CodeIgniter.php(312): CodeIgniter\CodeIgniter->handleRequest()
#13 /home/developer/ADC/ADC-PEL20/vendor/codeigniter4/framework/system/CLI/Console.php(86): CodeIgniter\CodeIgniter->run()
#14 /home/developer/ADC/ADC-PEL20/spark(57): CodeIgniter\CLI\Console->run()
#15 {main}
CRITICAL - 2020-10-10 21:24:27 --> Field `id_user` not found.
#0 /home/developer/ADC/ADC-PEL20/app/Database/Migrations/20201010215700_add_user_office.php(26): CodeIgniter\Database\Forge->addForeignKey()
#1 /home/developer/ADC/ADC-PEL20/vendor/codeigniter4/framework/system/Database/MigrationRunner.php(1060): App\Database\Migrations\AddUserOffice->up()
#2 /home/developer/ADC/ADC-PEL20/vendor/codeigniter4/framework/system/Database/MigrationRunner.php(223): CodeIgniter\Database\MigrationRunner->migrate()
#3 /home/developer/ADC/ADC-PEL20/vendor/codeigniter4/framework/system/Commands/Database/Migrate.php(128): CodeIgniter\Database\MigrationRunner->latest()
#4 /home/developer/ADC/ADC-PEL20/vendor/codeigniter4/framework/system/CLI/Commands.php(100): CodeIgniter\Commands\Database\Migrate->run()
#5 /home/developer/ADC/ADC-PEL20/vendor/codeigniter4/framework/system/CLI/BaseCommand.php(155): CodeIgniter\CLI\Commands->run()
#6 /home/developer/ADC/ADC-PEL20/vendor/codeigniter4/framework/system/Commands/Database/MigrateRefresh.php(124): CodeIgniter\CLI\BaseCommand->call()
#7 /home/developer/ADC/ADC-PEL20/vendor/codeigniter4/framework/system/CLI/Commands.php(100): CodeIgniter\Commands\Database\MigrateRefresh->run()
#8 /home/developer/ADC/ADC-PEL20/vendor/codeigniter4/framework/system/CLI/CommandRunner.php(107): CodeIgniter\CLI\Commands->run()
#9 /home/developer/ADC/ADC-PEL20/vendor/codeigniter4/framework/system/CLI/CommandRunner.php(85): CodeIgniter\CLI\CommandRunner->index()
#10 /home/developer/ADC/ADC-PEL20/vendor/codeigniter4/framework/system/CodeIgniter.php(914): CodeIgniter\CLI\CommandRunner->_remap()
#11 /home/developer/ADC/ADC-PEL20/vendor/codeigniter4/framework/system/CodeIgniter.php(404): CodeIgniter\CodeIgniter->runController()
#12 /home/developer/ADC/ADC-PEL20/vendor/codeigniter4/framework/system/CodeIgniter.php(312): CodeIgniter\CodeIgniter->handleRequest()
#13 /home/developer/ADC/ADC-PEL20/vendor/codeigniter4/framework/system/CLI/Console.php(86): CodeIgniter\CodeIgniter->run()
#14 /home/developer/ADC/ADC-PEL20/spark(57): CodeIgniter\CLI\Console->run()
#15 {main}
