CRITICAL - 2020-10-11 01:59:02 --> Call to a member function join() on array
#0 /home/developer/ADC/ADC-PEL20/vendor/codeigniter4/framework/system/CodeIgniter.php(918): App\Controllers\User->associateOffice()
#1 /home/developer/ADC/ADC-PEL20/vendor/codeigniter4/framework/system/CodeIgniter.php(404): CodeIgniter\CodeIgniter->runController()
#2 /home/developer/ADC/ADC-PEL20/vendor/codeigniter4/framework/system/CodeIgniter.php(312): CodeIgniter\CodeIgniter->handleRequest()
#3 /home/developer/ADC/ADC-PEL20/public/index.php(45): CodeIgniter\CodeIgniter->run()
#4 /home/developer/ADC/ADC-PEL20/vendor/codeigniter4/framework/system/Commands/Server/rewrite.php(34): require_once('/home/developer...')
#5 {main}
CRITICAL - 2020-10-11 01:59:10 --> Call to a member function join() on array
#0 /home/developer/ADC/ADC-PEL20/vendor/codeigniter4/framework/system/CodeIgniter.php(918): App\Controllers\User->associateOffice()
#1 /home/developer/ADC/ADC-PEL20/vendor/codeigniter4/framework/system/CodeIgniter.php(404): CodeIgniter\CodeIgniter->runController()
#2 /home/developer/ADC/ADC-PEL20/vendor/codeigniter4/framework/system/CodeIgniter.php(312): CodeIgniter\CodeIgniter->handleRequest()
#3 /home/developer/ADC/ADC-PEL20/public/index.php(45): CodeIgniter\CodeIgniter->run()
#4 /home/developer/ADC/ADC-PEL20/vendor/codeigniter4/framework/system/Commands/Server/rewrite.php(34): require_once('/home/developer...')
#5 {main}
CRITICAL - 2020-10-11 01:59:18 --> Call to a member function join() on array
#0 /home/developer/ADC/ADC-PEL20/vendor/codeigniter4/framework/system/CodeIgniter.php(918): App\Controllers\User->associateOffice()
#1 /home/developer/ADC/ADC-PEL20/vendor/codeigniter4/framework/system/CodeIgniter.php(404): CodeIgniter\CodeIgniter->runController()
#2 /home/developer/ADC/ADC-PEL20/vendor/codeigniter4/framework/system/CodeIgniter.php(312): CodeIgniter\CodeIgniter->handleRequest()
#3 /home/developer/ADC/ADC-PEL20/public/index.php(45): CodeIgniter\CodeIgniter->run()
#4 /home/developer/ADC/ADC-PEL20/vendor/codeigniter4/framework/system/Commands/Server/rewrite.php(34): require_once('/home/developer...')
#5 {main}
CRITICAL - 2020-10-11 01:59:42 --> Call to a member function join() on array
#0 /home/developer/ADC/ADC-PEL20/vendor/codeigniter4/framework/system/CodeIgniter.php(918): App\Controllers\User->associateOffice()
#1 /home/developer/ADC/ADC-PEL20/vendor/codeigniter4/framework/system/CodeIgniter.php(404): CodeIgniter\CodeIgniter->runController()
#2 /home/developer/ADC/ADC-PEL20/vendor/codeigniter4/framework/system/CodeIgniter.php(312): CodeIgniter\CodeIgniter->handleRequest()
#3 /home/developer/ADC/ADC-PEL20/public/index.php(45): CodeIgniter\CodeIgniter->run()
#4 /home/developer/ADC/ADC-PEL20/vendor/codeigniter4/framework/system/Commands/Server/rewrite.php(34): require_once('/home/developer...')
#5 {main}
CRITICAL - 2020-10-11 02:01:16 --> Cannot use object of type App\Models\UserModel as array
#0 /home/developer/ADC/ADC-PEL20/vendor/codeigniter4/framework/system/CodeIgniter.php(918): App\Controllers\User->associateOffice()
#1 /home/developer/ADC/ADC-PEL20/vendor/codeigniter4/framework/system/CodeIgniter.php(404): CodeIgniter\CodeIgniter->runController()
#2 /home/developer/ADC/ADC-PEL20/vendor/codeigniter4/framework/system/CodeIgniter.php(312): CodeIgniter\CodeIgniter->handleRequest()
#3 /home/developer/ADC/ADC-PEL20/public/index.php(45): CodeIgniter\CodeIgniter->run()
#4 /home/developer/ADC/ADC-PEL20/vendor/codeigniter4/framework/system/Commands/Server/rewrite.php(34): require_once('/home/developer...')
#5 {main}
CRITICAL - 2020-10-11 02:09:07 --> Call to undefined method App\Models\UserModel::group
#0 /home/developer/ADC/ADC-PEL20/app/Controllers/User.php(124): CodeIgniter\Model->__call()
#1 /home/developer/ADC/ADC-PEL20/vendor/codeigniter4/framework/system/CodeIgniter.php(918): App\Controllers\User->associateOffice()
#2 /home/developer/ADC/ADC-PEL20/vendor/codeigniter4/framework/system/CodeIgniter.php(404): CodeIgniter\CodeIgniter->runController()
#3 /home/developer/ADC/ADC-PEL20/vendor/codeigniter4/framework/system/CodeIgniter.php(312): CodeIgniter\CodeIgniter->handleRequest()
#4 /home/developer/ADC/ADC-PEL20/public/index.php(45): CodeIgniter\CodeIgniter->run()
#5 /home/developer/ADC/ADC-PEL20/vendor/codeigniter4/framework/system/Commands/Server/rewrite.php(34): require_once('/home/developer...')
#6 {main}
CRITICAL - 2020-10-11 19:31:01 --> Argument 1 passed to CodeIgniter\Database\BaseBuilder::join() must be of the type string, object given, called in /home/developer/ADC/ADC-PEL20/vendor/codeigniter4/framework/system/Model.php on line 1818
#0 /home/developer/ADC/ADC-PEL20/vendor/codeigniter4/framework/system/Model.php(1818): CodeIgniter\Database\BaseBuilder->join()
#1 /home/developer/ADC/ADC-PEL20/app/Controllers/User.php(123): CodeIgniter\Model->__call()
#2 /home/developer/ADC/ADC-PEL20/vendor/codeigniter4/framework/system/CodeIgniter.php(918): App\Controllers\User->associateOffice()
#3 /home/developer/ADC/ADC-PEL20/vendor/codeigniter4/framework/system/CodeIgniter.php(404): CodeIgniter\CodeIgniter->runController()
#4 /home/developer/ADC/ADC-PEL20/vendor/codeigniter4/framework/system/CodeIgniter.php(312): CodeIgniter\CodeIgniter->handleRequest()
#5 /home/developer/ADC/ADC-PEL20/public/index.php(45): CodeIgniter\CodeIgniter->run()
#6 /home/developer/ADC/ADC-PEL20/vendor/codeigniter4/framework/system/Commands/Server/rewrite.php(34): require_once('/home/developer...')
#7 {main}
CRITICAL - 2020-10-11 19:31:03 --> Argument 1 passed to CodeIgniter\Database\BaseBuilder::join() must be of the type string, object given, called in /home/developer/ADC/ADC-PEL20/vendor/codeigniter4/framework/system/Model.php on line 1818
#0 /home/developer/ADC/ADC-PEL20/vendor/codeigniter4/framework/system/Model.php(1818): CodeIgniter\Database\BaseBuilder->join()
#1 /home/developer/ADC/ADC-PEL20/app/Controllers/User.php(123): CodeIgniter\Model->__call()
#2 /home/developer/ADC/ADC-PEL20/vendor/codeigniter4/framework/system/CodeIgniter.php(918): App\Controllers\User->associateOffice()
#3 /home/developer/ADC/ADC-PEL20/vendor/codeigniter4/framework/system/CodeIgniter.php(404): CodeIgniter\CodeIgniter->runController()
#4 /home/developer/ADC/ADC-PEL20/vendor/codeigniter4/framework/system/CodeIgniter.php(312): CodeIgniter\CodeIgniter->handleRequest()
#5 /home/developer/ADC/ADC-PEL20/public/index.php(45): CodeIgniter\CodeIgniter->run()
#6 /home/developer/ADC/ADC-PEL20/vendor/codeigniter4/framework/system/Commands/Server/rewrite.php(34): require_once('/home/developer...')
#7 {main}
CRITICAL - 2020-10-11 20:06:53 --> Call to a member function groupBy() on array
#0 /home/developer/ADC/ADC-PEL20/vendor/codeigniter4/framework/system/CodeIgniter.php(918): App\Controllers\User->associateOffice()
#1 /home/developer/ADC/ADC-PEL20/vendor/codeigniter4/framework/system/CodeIgniter.php(404): CodeIgniter\CodeIgniter->runController()
#2 /home/developer/ADC/ADC-PEL20/vendor/codeigniter4/framework/system/CodeIgniter.php(312): CodeIgniter\CodeIgniter->handleRequest()
#3 /home/developer/ADC/ADC-PEL20/public/index.php(45): CodeIgniter\CodeIgniter->run()
#4 /home/developer/ADC/ADC-PEL20/vendor/codeigniter4/framework/system/Commands/Server/rewrite.php(34): require_once('/home/developer...')
#5 {main}
CRITICAL - 2020-10-11 20:07:02 --> Call to a member function groupBy() on array
#0 /home/developer/ADC/ADC-PEL20/vendor/codeigniter4/framework/system/CodeIgniter.php(918): App\Controllers\User->associateOffice()
#1 /home/developer/ADC/ADC-PEL20/vendor/codeigniter4/framework/system/CodeIgniter.php(404): CodeIgniter\CodeIgniter->runController()
#2 /home/developer/ADC/ADC-PEL20/vendor/codeigniter4/framework/system/CodeIgniter.php(312): CodeIgniter\CodeIgniter->handleRequest()
#3 /home/developer/ADC/ADC-PEL20/public/index.php(45): CodeIgniter\CodeIgniter->run()
#4 /home/developer/ADC/ADC-PEL20/vendor/codeigniter4/framework/system/Commands/Server/rewrite.php(34): require_once('/home/developer...')
#5 {main}
CRITICAL - 2020-10-11 20:13:09 --> Call to undefined method App\Models\UserModel::group_by
#0 /home/developer/ADC/ADC-PEL20/app/Controllers/User.php(125): CodeIgniter\Model->__call()
#1 /home/developer/ADC/ADC-PEL20/vendor/codeigniter4/framework/system/CodeIgniter.php(918): App\Controllers\User->associateOffice()
#2 /home/developer/ADC/ADC-PEL20/vendor/codeigniter4/framework/system/CodeIgniter.php(404): CodeIgniter\CodeIgniter->runController()
#3 /home/developer/ADC/ADC-PEL20/vendor/codeigniter4/framework/system/CodeIgniter.php(312): CodeIgniter\CodeIgniter->handleRequest()
#4 /home/developer/ADC/ADC-PEL20/public/index.php(45): CodeIgniter\CodeIgniter->run()
#5 /home/developer/ADC/ADC-PEL20/vendor/codeigniter4/framework/system/Commands/Server/rewrite.php(34): require_once('/home/developer...')
#6 {main}
CRITICAL - 2020-10-11 20:14:09 --> Call to a member function groupBy() on array
#0 /home/developer/ADC/ADC-PEL20/vendor/codeigniter4/framework/system/CodeIgniter.php(918): App\Controllers\User->associateOffice()
#1 /home/developer/ADC/ADC-PEL20/vendor/codeigniter4/framework/system/CodeIgniter.php(404): CodeIgniter\CodeIgniter->runController()
#2 /home/developer/ADC/ADC-PEL20/vendor/codeigniter4/framework/system/CodeIgniter.php(312): CodeIgniter\CodeIgniter->handleRequest()
#3 /home/developer/ADC/ADC-PEL20/public/index.php(45): CodeIgniter\CodeIgniter->run()
#4 /home/developer/ADC/ADC-PEL20/vendor/codeigniter4/framework/system/Commands/Server/rewrite.php(34): require_once('/home/developer...')
#5 {main}
CRITICAL - 2020-10-11 20:14:11 --> Call to a member function groupBy() on array
#0 /home/developer/ADC/ADC-PEL20/vendor/codeigniter4/framework/system/CodeIgniter.php(918): App\Controllers\User->associateOffice()
#1 /home/developer/ADC/ADC-PEL20/vendor/codeigniter4/framework/system/CodeIgniter.php(404): CodeIgniter\CodeIgniter->runController()
#2 /home/developer/ADC/ADC-PEL20/vendor/codeigniter4/framework/system/CodeIgniter.php(312): CodeIgniter\CodeIgniter->handleRequest()
#3 /home/developer/ADC/ADC-PEL20/public/index.php(45): CodeIgniter\CodeIgniter->run()
#4 /home/developer/ADC/ADC-PEL20/vendor/codeigniter4/framework/system/Commands/Server/rewrite.php(34): require_once('/home/developer...')
#5 {main}
CRITICAL - 2020-10-11 22:51:36 --> syntax error, unexpected end of file
#0 /home/developer/ADC/ADC-PEL20/vendor/codeigniter4/framework/system/Common.php(1119): CodeIgniter\View\View->render()
#1 /home/developer/ADC/ADC-PEL20/app/Controllers/User.php(150): view()
#2 /home/developer/ADC/ADC-PEL20/vendor/codeigniter4/framework/system/CodeIgniter.php(918): App\Controllers\User->associateOffice()
#3 /home/developer/ADC/ADC-PEL20/vendor/codeigniter4/framework/system/CodeIgniter.php(404): CodeIgniter\CodeIgniter->runController()
#4 /home/developer/ADC/ADC-PEL20/vendor/codeigniter4/framework/system/CodeIgniter.php(312): CodeIgniter\CodeIgniter->handleRequest()
#5 /home/developer/ADC/ADC-PEL20/public/index.php(45): CodeIgniter\CodeIgniter->run()
#6 /home/developer/ADC/ADC-PEL20/vendor/codeigniter4/framework/system/Commands/Server/rewrite.php(34): require_once('/home/developer...')
#7 {main}
